{"/Users/lisasimon/repos/IoTSphereAngular/IoTSphere-Refactor/src/tests/frontend/water-heater/water_heater_predictions_mock.js": {"path":"/Users/lisasimon/repos/IoTSphereAngular/IoTSphere-Refactor/src/tests/frontend/water-heater/water_heater_predictions_mock.js","statementMap":{"0":{"start":{"line":7,"column":0},"end":{"line":80,"column":2}},"1":{"start":{"line":9,"column":4},"end":{"line":9,"column":58}},"2":{"start":{"line":10,"column":4},"end":{"line":10,"column":29}},"3":{"start":{"line":13,"column":4},"end":{"line":13,"column":34}},"4":{"start":{"line":14,"column":4},"end":{"line":14,"column":33}},"5":{"start":{"line":15,"column":4},"end":{"line":15,"column":31}},"6":{"start":{"line":16,"column":4},"end":{"line":16,"column":37}},"7":{"start":{"line":19,"column":4},"end":{"line":19,"column":35}},"8":{"start":{"line":20,"column":4},"end":{"line":20,"column":33}},"9":{"start":{"line":21,"column":4},"end":{"line":21,"column":30}},"10":{"start":{"line":22,"column":4},"end":{"line":22,"column":28}},"11":{"start":{"line":25,"column":4},"end":{"line":25,"column":33}},"12":{"start":{"line":28,"column":4},"end":{"line":28,"column":96}},"13":{"start":{"line":31,"column":4},"end":{"line":31,"column":26}},"14":{"start":{"line":35,"column":4},"end":{"line":35,"column":57}},"15":{"start":{"line":36,"column":4},"end":{"line":36,"column":31}},"16":{"start":{"line":39,"column":4},"end":{"line":44,"column":13}},"17":{"start":{"line":40,"column":6},"end":{"line":43,"column":7}},"18":{"start":{"line":41,"column":8},"end":{"line":41,"column":78}},"19":{"start":{"line":42,"column":8},"end":{"line":42,"column":35}},"20":{"start":{"line":48,"column":4},"end":{"line":48,"column":78}},"21":{"start":{"line":51,"column":22},"end":{"line":51,"column":42}},"22":{"start":{"line":54,"column":4},"end":{"line":78,"column":9}},"23":{"start":{"line":56,"column":8},"end":{"line":58,"column":9}},"24":{"start":{"line":57,"column":10},"end":{"line":57,"column":68}},"25":{"start":{"line":59,"column":8},"end":{"line":59,"column":31}},"26":{"start":{"line":62,"column":8},"end":{"line":62,"column":59}},"27":{"start":{"line":65,"column":8},"end":{"line":65,"column":36}},"28":{"start":{"line":68,"column":8},"end":{"line":68,"column":89}},"29":{"start":{"line":68,"column":38},"end":{"line":68,"column":89}},"30":{"start":{"line":69,"column":8},"end":{"line":69,"column":83}},"31":{"start":{"line":69,"column":36},"end":{"line":69,"column":83}},"32":{"start":{"line":70,"column":8},"end":{"line":70,"column":74}},"33":{"start":{"line":70,"column":33},"end":{"line":70,"column":74}},"34":{"start":{"line":71,"column":8},"end":{"line":71,"column":68}},"35":{"start":{"line":71,"column":31},"end":{"line":71,"column":68}},"36":{"start":{"line":73,"column":8},"end":{"line":73,"column":20}},"37":{"start":{"line":76,"column":8},"end":{"line":76,"column":63}},"38":{"start":{"line":77,"column":8},"end":{"line":77,"column":20}}},"fnMap":{"0":{"name":"(anonymous_0)","decl":{"start":{"line":8,"column":2},"end":{"line":8,"column":3}},"loc":{"start":{"line":8,"column":37},"end":{"line":32,"column":3}},"line":8},"1":{"name":"(anonymous_1)","decl":{"start":{"line":34,"column":2},"end":{"line":34,"column":3}},"loc":{"start":{"line":34,"column":19},"end":{"line":45,"column":3}},"line":34},"2":{"name":"(anonymous_2)","decl":{"start":{"line":39,"column":15},"end":{"line":39,"column":16}},"loc":{"start":{"line":39,"column":21},"end":{"line":44,"column":5}},"line":39},"3":{"name":"(anonymous_3)","decl":{"start":{"line":47,"column":2},"end":{"line":47,"column":3}},"loc":{"start":{"line":47,"column":24},"end":{"line":79,"column":3}},"line":47},"4":{"name":"(anonymous_4)","decl":{"start":{"line":55,"column":12},"end":{"line":55,"column":13}},"loc":{"start":{"line":55,"column":24},"end":{"line":60,"column":7}},"line":55},"5":{"name":"(anonymous_5)","decl":{"start":{"line":61,"column":12},"end":{"line":61,"column":13}},"loc":{"start":{"line":61,"column":20},"end":{"line":74,"column":7}},"line":61},"6":{"name":"(anonymous_6)","decl":{"start":{"line":75,"column":13},"end":{"line":75,"column":14}},"loc":{"start":{"line":75,"column":22},"end":{"line":78,"column":7}},"line":75}},"branchMap":{"0":{"loc":{"start":{"line":40,"column":6},"end":{"line":43,"column":7}},"type":"if","locations":[{"start":{"line":40,"column":6},"end":{"line":43,"column":7}},{"start":{},"end":{}}],"line":40},"1":{"loc":{"start":{"line":56,"column":8},"end":{"line":58,"column":9}},"type":"if","locations":[{"start":{"line":56,"column":8},"end":{"line":58,"column":9}},{"start":{},"end":{}}],"line":56},"2":{"loc":{"start":{"line":68,"column":8},"end":{"line":68,"column":89}},"type":"if","locations":[{"start":{"line":68,"column":8},"end":{"line":68,"column":89}},{"start":{},"end":{}}],"line":68},"3":{"loc":{"start":{"line":69,"column":8},"end":{"line":69,"column":83}},"type":"if","locations":[{"start":{"line":69,"column":8},"end":{"line":69,"column":83}},{"start":{},"end":{}}],"line":69},"4":{"loc":{"start":{"line":70,"column":8},"end":{"line":70,"column":74}},"type":"if","locations":[{"start":{"line":70,"column":8},"end":{"line":70,"column":74}},{"start":{},"end":{}}],"line":70},"5":{"loc":{"start":{"line":71,"column":8},"end":{"line":71,"column":68}},"type":"if","locations":[{"start":{"line":71,"column":8},"end":{"line":71,"column":68}},{"start":{},"end":{}}],"line":71}},"s":{"0":1,"1":3,"2":3,"3":3,"4":3,"5":3,"6":3,"7":3,"8":3,"9":3,"10":3,"11":3,"12":3,"13":3,"14":3,"15":3,"16":3,"17":3,"18":1,"19":1,"20":4,"21":4,"22":4,"23":3,"24":0,"25":3,"26":3,"27":3,"28":3,"29":3,"30":3,"31":2,"32":3,"33":2,"34":3,"35":2,"36":3,"37":1,"38":1},"f":{"0":3,"1":3,"2":3,"3":4,"4":3,"5":3,"6":1},"b":{"0":[1,2],"1":[0,3],"2":[3,0],"3":[2,1],"4":[2,1],"5":[2,1]},"inputSourceMap":null,"_coverageSchema":"1a1c01bbd47fc00a2c39e90264f33305004495a9","hash":"18d1bb5aacb54e8feefacc43306061339e4112a2"}
}
