{"/Users/lisasimon/repos/IoTSphereAngular/IoTSphere-Refactor/frontend/static/js/websocket-manager.js": {"path":"/Users/lisasimon/repos/IoTSphereAngular/IoTSphere-Refactor/frontend/static/js/websocket-manager.js","statementMap":{"0":{"start":{"line":19,"column":8},"end":{"line":19,"column":63}},"1":{"start":{"line":20,"column":8},"end":{"line":20,"column":60}},"2":{"start":{"line":21,"column":8},"end":{"line":21,"column":67}},"3":{"start":{"line":21,"column":61},"end":{"line":21,"column":65}},"4":{"start":{"line":22,"column":8},"end":{"line":22,"column":75}},"5":{"start":{"line":25,"column":8},"end":{"line":25,"column":30}},"6":{"start":{"line":26,"column":8},"end":{"line":26,"column":34}},"7":{"start":{"line":29,"column":8},"end":{"line":29,"column":71}},"8":{"start":{"line":30,"column":8},"end":{"line":30,"column":75}},"9":{"start":{"line":31,"column":8},"end":{"line":31,"column":68}},"10":{"start":{"line":34,"column":8},"end":{"line":34,"column":68}},"11":{"start":{"line":35,"column":8},"end":{"line":35,"column":35}},"12":{"start":{"line":38,"column":8},"end":{"line":38,"column":31}},"13":{"start":{"line":40,"column":8},"end":{"line":40,"column":52}},"14":{"start":{"line":55,"column":29},"end":{"line":55,"column":57}},"15":{"start":{"line":56,"column":25},"end":{"line":56,"column":57}},"16":{"start":{"line":57,"column":20},"end":{"line":57,"column":59}},"17":{"start":{"line":60,"column":8},"end":{"line":69,"column":10}},"18":{"start":{"line":72,"column":8},"end":{"line":72,"column":48}},"19":{"start":{"line":74,"column":8},"end":{"line":74,"column":28}},"20":{"start":{"line":84,"column":27},"end":{"line":84,"column":57}},"21":{"start":{"line":85,"column":22},"end":{"line":85,"column":56}},"22":{"start":{"line":87,"column":8},"end":{"line":90,"column":9}},"23":{"start":{"line":88,"column":12},"end":{"line":88,"column":95}},"24":{"start":{"line":89,"column":12},"end":{"line":89,"column":25}},"25":{"start":{"line":92,"column":8},"end":{"line":99,"column":9}},"26":{"start":{"line":93,"column":31},"end":{"line":93,"column":94}},"27":{"start":{"line":94,"column":12},"end":{"line":94,"column":40}},"28":{"start":{"line":95,"column":12},"end":{"line":95,"column":24}},"29":{"start":{"line":97,"column":12},"end":{"line":97,"column":69}},"30":{"start":{"line":98,"column":12},"end":{"line":98,"column":25}},"31":{"start":{"line":109,"column":27},"end":{"line":109,"column":57}},"32":{"start":{"line":110,"column":22},"end":{"line":110,"column":56}},"33":{"start":{"line":112,"column":8},"end":{"line":115,"column":9}},"34":{"start":{"line":113,"column":12},"end":{"line":113,"column":79}},"35":{"start":{"line":114,"column":12},"end":{"line":114,"column":19}},"36":{"start":{"line":118,"column":8},"end":{"line":120,"column":9}},"37":{"start":{"line":119,"column":12},"end":{"line":119,"column":40}},"38":{"start":{"line":123,"column":8},"end":{"line":127,"column":9}},"39":{"start":{"line":124,"column":12},"end":{"line":124,"column":43}},"40":{"start":{"line":126,"column":12},"end":{"line":126,"column":72}},"41":{"start":{"line":130,"column":8},"end":{"line":130,"column":46}},"42":{"start":{"line":137,"column":8},"end":{"line":139,"column":11}},"43":{"start":{"line":138,"column":12},"end":{"line":138,"column":37}},"44":{"start":{"line":148,"column":22},"end":{"line":148,"column":56}},"45":{"start":{"line":149,"column":8},"end":{"line":149,"column":46}},"46":{"start":{"line":158,"column":8},"end":{"line":164,"column":11}},"47":{"start":{"line":159,"column":26},"end":{"line":159,"column":60}},"48":{"start":{"line":160,"column":12},"end":{"line":163,"column":13}},"49":{"start":{"line":162,"column":16},"end":{"line":162,"column":45}},"50":{"start":{"line":172,"column":27},"end":{"line":172,"column":57}},"51":{"start":{"line":173,"column":22},"end":{"line":173,"column":56}},"52":{"start":{"line":175,"column":8},"end":{"line":178,"column":9}},"53":{"start":{"line":176,"column":12},"end":{"line":176,"column":83}},"54":{"start":{"line":177,"column":12},"end":{"line":177,"column":19}},"55":{"start":{"line":181,"column":8},"end":{"line":181,"column":36}},"56":{"start":{"line":182,"column":8},"end":{"line":182,"column":58}},"57":{"start":{"line":183,"column":8},"end":{"line":183,"column":34}},"58":{"start":{"line":186,"column":8},"end":{"line":192,"column":9}},"59":{"start":{"line":187,"column":12},"end":{"line":191,"column":13}},"60":{"start":{"line":188,"column":16},"end":{"line":188,"column":55}},"61":{"start":{"line":195,"column":8},"end":{"line":195,"column":48}},"62":{"start":{"line":206,"column":8},"end":{"line":206,"column":73}},"63":{"start":{"line":215,"column":22},"end":{"line":215,"column":56}},"64":{"start":{"line":216,"column":8},"end":{"line":216,"column":27}},"65":{"start":{"line":216,"column":20},"end":{"line":216,"column":27}},"66":{"start":{"line":219,"column":22},"end":{"line":219,"column":42}},"67":{"start":{"line":220,"column":18},"end":{"line":220,"column":36}},"68":{"start":{"line":223,"column":8},"end":{"line":230,"column":9}},"69":{"start":{"line":224,"column":12},"end":{"line":228,"column":13}},"70":{"start":{"line":225,"column":16},"end":{"line":225,"column":55}},"71":{"start":{"line":229,"column":12},"end":{"line":229,"column":50}},"72":{"start":{"line":234,"column":8},"end":{"line":237,"column":9}},"73":{"start":{"line":236,"column":12},"end":{"line":236,"column":52}},"74":{"start":{"line":240,"column":8},"end":{"line":240,"column":78}},"75":{"start":{"line":241,"column":23},"end":{"line":241,"column":41}},"76":{"start":{"line":242,"column":8},"end":{"line":242,"column":48}},"77":{"start":{"line":245,"column":8},"end":{"line":253,"column":9}},"78":{"start":{"line":246,"column":12},"end":{"line":252,"column":15}},"79":{"start":{"line":248,"column":16},"end":{"line":251,"column":19}},"80":{"start":{"line":256,"column":8},"end":{"line":270,"column":11}},"81":{"start":{"line":257,"column":12},"end":{"line":257,"column":79}},"82":{"start":{"line":258,"column":12},"end":{"line":258,"column":37}},"83":{"start":{"line":259,"column":12},"end":{"line":259,"column":40}},"84":{"start":{"line":260,"column":12},"end":{"line":260,"column":62}},"85":{"start":{"line":261,"column":12},"end":{"line":261,"column":47}},"86":{"start":{"line":264,"column":12},"end":{"line":264,"column":56}},"87":{"start":{"line":267,"column":12},"end":{"line":269,"column":13}},"88":{"start":{"line":268,"column":16},"end":{"line":268,"column":44}},"89":{"start":{"line":272,"column":8},"end":{"line":302,"column":11}},"90":{"start":{"line":273,"column":12},"end":{"line":273,"column":47}},"91":{"start":{"line":275,"column":12},"end":{"line":301,"column":13}},"92":{"start":{"line":277,"column":27},"end":{"line":277,"column":37}},"93":{"start":{"line":278,"column":16},"end":{"line":284,"column":17}},"94":{"start":{"line":279,"column":20},"end":{"line":283,"column":21}},"95":{"start":{"line":280,"column":24},"end":{"line":280,"column":48}},"96":{"start":{"line":287,"column":16},"end":{"line":293,"column":17}},"97":{"start":{"line":288,"column":20},"end":{"line":288,"column":75}},"98":{"start":{"line":289,"column":20},"end":{"line":292,"column":21}},"99":{"start":{"line":291,"column":24},"end":{"line":291,"column":52}},"100":{"start":{"line":296,"column":16},"end":{"line":298,"column":17}},"101":{"start":{"line":297,"column":20},"end":{"line":297,"column":57}},"102":{"start":{"line":300,"column":16},"end":{"line":300,"column":74}},"103":{"start":{"line":304,"column":8},"end":{"line":322,"column":11}},"104":{"start":{"line":305,"column":12},"end":{"line":305,"column":100}},"105":{"start":{"line":306,"column":12},"end":{"line":306,"column":38}},"106":{"start":{"line":309,"column":12},"end":{"line":309,"column":57}},"107":{"start":{"line":312,"column":12},"end":{"line":314,"column":13}},"108":{"start":{"line":313,"column":16},"end":{"line":313,"column":45}},"109":{"start":{"line":317,"column":12},"end":{"line":321,"column":13}},"110":{"start":{"line":318,"column":16},"end":{"line":318,"column":57}},"111":{"start":{"line":320,"column":16},"end":{"line":320,"column":54}},"112":{"start":{"line":324,"column":8},"end":{"line":331,"column":11}},"113":{"start":{"line":325,"column":12},"end":{"line":325,"column":71}},"114":{"start":{"line":328,"column":12},"end":{"line":330,"column":13}},"115":{"start":{"line":329,"column":16},"end":{"line":329,"column":45}},"116":{"start":{"line":340,"column":22},"end":{"line":340,"column":56}},"117":{"start":{"line":341,"column":8},"end":{"line":341,"column":27}},"118":{"start":{"line":341,"column":20},"end":{"line":341,"column":27}},"119":{"start":{"line":343,"column":8},"end":{"line":343,"column":37}},"120":{"start":{"line":346,"column":8},"end":{"line":350,"column":9}},"121":{"start":{"line":347,"column":12},"end":{"line":347,"column":81}},"122":{"start":{"line":348,"column":12},"end":{"line":348,"column":50}},"123":{"start":{"line":349,"column":12},"end":{"line":349,"column":19}},"124":{"start":{"line":353,"column":22},"end":{"line":356,"column":9}},"125":{"start":{"line":358,"column":8},"end":{"line":358,"column":120}},"126":{"start":{"line":361,"column":8},"end":{"line":366,"column":18}},"127":{"start":{"line":362,"column":12},"end":{"line":365,"column":13}},"128":{"start":{"line":363,"column":16},"end":{"line":363,"column":100}},"129":{"start":{"line":364,"column":16},"end":{"line":364,"column":56}},"130":{"start":{"line":375,"column":8},"end":{"line":375,"column":46}},"131":{"start":{"line":376,"column":8},"end":{"line":376,"column":50}},"132":{"start":{"line":384,"column":8},"end":{"line":386,"column":9}},"133":{"start":{"line":385,"column":12},"end":{"line":385,"column":47}},"134":{"start":{"line":388,"column":8},"end":{"line":413,"column":35}},"135":{"start":{"line":389,"column":24},"end":{"line":389,"column":34}},"136":{"start":{"line":391,"column":12},"end":{"line":412,"column":15}},"137":{"start":{"line":392,"column":30},"end":{"line":392,"column":64}},"138":{"start":{"line":393,"column":35},"end":{"line":393,"column":65}},"139":{"start":{"line":396,"column":16},"end":{"line":411,"column":17}},"140":{"start":{"line":397,"column":49},"end":{"line":397,"column":76}},"141":{"start":{"line":399,"column":20},"end":{"line":410,"column":21}},"142":{"start":{"line":400,"column":24},"end":{"line":400,"column":103}},"143":{"start":{"line":401,"column":24},"end":{"line":401,"column":53}},"144":{"start":{"line":402,"column":27},"end":{"line":410,"column":21}},"145":{"start":{"line":404,"column":24},"end":{"line":409,"column":25}},"146":{"start":{"line":405,"column":28},"end":{"line":405,"column":86}},"147":{"start":{"line":408,"column":28},"end":{"line":408,"column":57}},"148":{"start":{"line":421,"column":8},"end":{"line":424,"column":9}},"149":{"start":{"line":422,"column":12},"end":{"line":422,"column":47}},"150":{"start":{"line":423,"column":12},"end":{"line":423,"column":39}},"151":{"start":{"line":431,"column":8},"end":{"line":431,"column":24}},"152":{"start":{"line":432,"column":8},"end":{"line":432,"column":30}},"153":{"start":{"line":437,"column":0},"end":{"line":442,"column":1}},"154":{"start":{"line":438,"column":4},"end":{"line":438,"column":42}},"155":{"start":{"line":441,"column":4},"end":{"line":441,"column":47}}},"fnMap":{"0":{"name":"(anonymous_0)","decl":{"start":{"line":18,"column":4},"end":{"line":18,"column":5}},"loc":{"start":{"line":18,"column":30},"end":{"line":41,"column":5}},"line":18},"1":{"name":"(anonymous_1)","decl":{"start":{"line":21,"column":55},"end":{"line":21,"column":56}},"loc":{"start":{"line":21,"column":61},"end":{"line":21,"column":65}},"line":21},"2":{"name":"(anonymous_2)","decl":{"start":{"line":22,"column":65},"end":{"line":22,"column":66}},"loc":{"start":{"line":22,"column":71},"end":{"line":22,"column":73}},"line":22},"3":{"name":"(anonymous_3)","decl":{"start":{"line":54,"column":4},"end":{"line":54,"column":5}},"loc":{"start":{"line":54,"column":36},"end":{"line":75,"column":5}},"line":54},"4":{"name":"(anonymous_4)","decl":{"start":{"line":83,"column":4},"end":{"line":83,"column":5}},"loc":{"start":{"line":83,"column":32},"end":{"line":100,"column":5}},"line":83},"5":{"name":"(anonymous_5)","decl":{"start":{"line":108,"column":4},"end":{"line":108,"column":5}},"loc":{"start":{"line":108,"column":64},"end":{"line":131,"column":5}},"line":108},"6":{"name":"(anonymous_6)","decl":{"start":{"line":136,"column":4},"end":{"line":136,"column":5}},"loc":{"start":{"line":136,"column":15},"end":{"line":140,"column":5}},"line":136},"7":{"name":"(anonymous_7)","decl":{"start":{"line":137,"column":46},"end":{"line":137,"column":47}},"loc":{"start":{"line":137,"column":62},"end":{"line":139,"column":9}},"line":137},"8":{"name":"(anonymous_8)","decl":{"start":{"line":147,"column":4},"end":{"line":147,"column":5}},"loc":{"start":{"line":147,"column":30},"end":{"line":150,"column":5}},"line":147},"9":{"name":"(anonymous_9)","decl":{"start":{"line":156,"column":4},"end":{"line":156,"column":5}},"loc":{"start":{"line":156,"column":27},"end":{"line":165,"column":5}},"line":156},"10":{"name":"(anonymous_10)","decl":{"start":{"line":158,"column":46},"end":{"line":158,"column":47}},"loc":{"start":{"line":158,"column":62},"end":{"line":164,"column":9}},"line":158},"11":{"name":"(anonymous_11)","decl":{"start":{"line":171,"column":4},"end":{"line":171,"column":5}},"loc":{"start":{"line":171,"column":28},"end":{"line":196,"column":5}},"line":171},"12":{"name":"(anonymous_12)","decl":{"start":{"line":205,"column":4},"end":{"line":205,"column":5}},"loc":{"start":{"line":205,"column":28},"end":{"line":207,"column":5}},"line":205},"13":{"name":"(anonymous_13)","decl":{"start":{"line":214,"column":4},"end":{"line":214,"column":5}},"loc":{"start":{"line":214,"column":39},"end":{"line":332,"column":5}},"line":214},"14":{"name":"(anonymous_14)","decl":{"start":{"line":246,"column":44},"end":{"line":246,"column":45}},"loc":{"start":{"line":246,"column":50},"end":{"line":252,"column":13}},"line":246},"15":{"name":"(anonymous_15)","decl":{"start":{"line":256,"column":40},"end":{"line":256,"column":41}},"loc":{"start":{"line":256,"column":51},"end":{"line":270,"column":9}},"line":256},"16":{"name":"(anonymous_16)","decl":{"start":{"line":272,"column":43},"end":{"line":272,"column":44}},"loc":{"start":{"line":272,"column":54},"end":{"line":302,"column":9}},"line":272},"17":{"name":"(anonymous_17)","decl":{"start":{"line":304,"column":41},"end":{"line":304,"column":42}},"loc":{"start":{"line":304,"column":52},"end":{"line":322,"column":9}},"line":304},"18":{"name":"(anonymous_18)","decl":{"start":{"line":324,"column":41},"end":{"line":324,"column":42}},"loc":{"start":{"line":324,"column":52},"end":{"line":331,"column":9}},"line":324},"19":{"name":"(anonymous_19)","decl":{"start":{"line":339,"column":4},"end":{"line":339,"column":5}},"loc":{"start":{"line":339,"column":40},"end":{"line":367,"column":5}},"line":339},"20":{"name":"(anonymous_20)","decl":{"start":{"line":361,"column":19},"end":{"line":361,"column":20}},"loc":{"start":{"line":361,"column":25},"end":{"line":366,"column":9}},"line":361},"21":{"name":"(anonymous_21)","decl":{"start":{"line":374,"column":4},"end":{"line":374,"column":5}},"loc":{"start":{"line":374,"column":37},"end":{"line":377,"column":5}},"line":374},"22":{"name":"(anonymous_22)","decl":{"start":{"line":383,"column":4},"end":{"line":383,"column":5}},"loc":{"start":{"line":383,"column":22},"end":{"line":414,"column":5}},"line":383},"23":{"name":"(anonymous_23)","decl":{"start":{"line":388,"column":42},"end":{"line":388,"column":43}},"loc":{"start":{"line":388,"column":48},"end":{"line":413,"column":9}},"line":388},"24":{"name":"(anonymous_24)","decl":{"start":{"line":391,"column":54},"end":{"line":391,"column":55}},"loc":{"start":{"line":391,"column":70},"end":{"line":412,"column":13}},"line":391},"25":{"name":"(anonymous_25)","decl":{"start":{"line":420,"column":4},"end":{"line":420,"column":5}},"loc":{"start":{"line":420,"column":21},"end":{"line":425,"column":5}},"line":420},"26":{"name":"(anonymous_26)","decl":{"start":{"line":430,"column":4},"end":{"line":430,"column":5}},"loc":{"start":{"line":430,"column":14},"end":{"line":433,"column":5}},"line":430}},"branchMap":{"0":{"loc":{"start":{"line":18,"column":16},"end":{"line":18,"column":28}},"type":"default-arg","locations":[{"start":{"line":18,"column":26},"end":{"line":18,"column":28}}],"line":18},"1":{"loc":{"start":{"line":19,"column":23},"end":{"line":19,"column":62}},"type":"binary-expr","locations":[{"start":{"line":19,"column":23},"end":{"line":19,"column":38}},{"start":{"line":19,"column":42},"end":{"line":19,"column":62}}],"line":19},"2":{"loc":{"start":{"line":21,"column":29},"end":{"line":21,"column":66}},"type":"binary-expr","locations":[{"start":{"line":21,"column":29},"end":{"line":21,"column":50}},{"start":{"line":21,"column":55},"end":{"line":21,"column":65}}],"line":21},"3":{"loc":{"start":{"line":22,"column":34},"end":{"line":22,"column":74}},"type":"binary-expr","locations":[{"start":{"line":22,"column":34},"end":{"line":22,"column":60}},{"start":{"line":22,"column":65},"end":{"line":22,"column":73}}],"line":22},"4":{"loc":{"start":{"line":29,"column":36},"end":{"line":29,"column":70}},"type":"binary-expr","locations":[{"start":{"line":29,"column":36},"end":{"line":29,"column":64}},{"start":{"line":29,"column":68},"end":{"line":29,"column":70}}],"line":29},"5":{"loc":{"start":{"line":30,"column":37},"end":{"line":30,"column":74}},"type":"binary-expr","locations":[{"start":{"line":30,"column":37},"end":{"line":30,"column":66}},{"start":{"line":30,"column":70},"end":{"line":30,"column":74}}],"line":30},"6":{"loc":{"start":{"line":31,"column":33},"end":{"line":31,"column":67}},"type":"binary-expr","locations":[{"start":{"line":31,"column":33},"end":{"line":31,"column":58}},{"start":{"line":31,"column":62},"end":{"line":31,"column":67}}],"line":31},"7":{"loc":{"start":{"line":34,"column":33},"end":{"line":34,"column":67}},"type":"binary-expr","locations":[{"start":{"line":34,"column":33},"end":{"line":34,"column":58}},{"start":{"line":34,"column":62},"end":{"line":34,"column":67}}],"line":34},"8":{"loc":{"start":{"line":54,"column":22},"end":{"line":54,"column":34}},"type":"default-arg","locations":[{"start":{"line":54,"column":32},"end":{"line":54,"column":34}}],"line":54},"9":{"loc":{"start":{"line":56,"column":25},"end":{"line":56,"column":57}},"type":"cond-expr","locations":[{"start":{"line":56,"column":39},"end":{"line":56,"column":47}},{"start":{"line":56,"column":50},"end":{"line":56,"column":57}}],"line":56},"10":{"loc":{"start":{"line":87,"column":8},"end":{"line":90,"column":9}},"type":"if","locations":[{"start":{"line":87,"column":8},"end":{"line":90,"column":9}},{"start":{},"end":{}}],"line":87},"11":{"loc":{"start":{"line":87,"column":12},"end":{"line":87,"column":55}},"type":"binary-expr","locations":[{"start":{"line":87,"column":12},"end":{"line":87,"column":23}},{"start":{"line":87,"column":27},"end":{"line":87,"column":33}},{"start":{"line":87,"column":37},"end":{"line":87,"column":55}}],"line":87},"12":{"loc":{"start":{"line":93,"column":31},"end":{"line":93,"column":94}},"type":"cond-expr","locations":[{"start":{"line":93,"column":61},"end":{"line":93,"column":68}},{"start":{"line":93,"column":71},"end":{"line":93,"column":94}}],"line":93},"13":{"loc":{"start":{"line":108,"column":24},"end":{"line":108,"column":35}},"type":"default-arg","locations":[{"start":{"line":108,"column":31},"end":{"line":108,"column":35}}],"line":108},"14":{"loc":{"start":{"line":108,"column":37},"end":{"line":108,"column":62}},"type":"default-arg","locations":[{"start":{"line":108,"column":46},"end":{"line":108,"column":62}}],"line":108},"15":{"loc":{"start":{"line":112,"column":8},"end":{"line":115,"column":9}},"type":"if","locations":[{"start":{"line":112,"column":8},"end":{"line":115,"column":9}},{"start":{},"end":{}}],"line":112},"16":{"loc":{"start":{"line":118,"column":8},"end":{"line":120,"column":9}},"type":"if","locations":[{"start":{"line":118,"column":8},"end":{"line":120,"column":9}},{"start":{},"end":{}}],"line":118},"17":{"loc":{"start":{"line":149,"column":18},"end":{"line":149,"column":44}},"type":"binary-expr","locations":[{"start":{"line":149,"column":18},"end":{"line":149,"column":23}},{"start":{"line":149,"column":27},"end":{"line":149,"column":44}}],"line":149},"18":{"loc":{"start":{"line":160,"column":12},"end":{"line":163,"column":13}},"type":"if","locations":[{"start":{"line":160,"column":12},"end":{"line":163,"column":13}},{"start":{},"end":{}}],"line":160},"19":{"loc":{"start":{"line":160,"column":16},"end":{"line":160,"column":42}},"type":"binary-expr","locations":[{"start":{"line":160,"column":16},"end":{"line":160,"column":21}},{"start":{"line":160,"column":25},"end":{"line":160,"column":42}}],"line":160},"20":{"loc":{"start":{"line":175,"column":8},"end":{"line":178,"column":9}},"type":"if","locations":[{"start":{"line":175,"column":8},"end":{"line":178,"column":9}},{"start":{},"end":{}}],"line":175},"21":{"loc":{"start":{"line":186,"column":8},"end":{"line":192,"column":9}},"type":"if","locations":[{"start":{"line":186,"column":8},"end":{"line":192,"column":9}},{"start":{},"end":{}}],"line":186},"22":{"loc":{"start":{"line":216,"column":8},"end":{"line":216,"column":27}},"type":"if","locations":[{"start":{"line":216,"column":8},"end":{"line":216,"column":27}},{"start":{},"end":{}}],"line":216},"23":{"loc":{"start":{"line":223,"column":8},"end":{"line":230,"column":9}},"type":"if","locations":[{"start":{"line":223,"column":8},"end":{"line":230,"column":9}},{"start":{},"end":{}}],"line":223},"24":{"loc":{"start":{"line":234,"column":8},"end":{"line":237,"column":9}},"type":"if","locations":[{"start":{"line":234,"column":8},"end":{"line":237,"column":9}},{"start":{},"end":{}}],"line":234},"25":{"loc":{"start":{"line":245,"column":8},"end":{"line":253,"column":9}},"type":"if","locations":[{"start":{"line":245,"column":8},"end":{"line":253,"column":9}},{"start":{},"end":{}}],"line":245},"26":{"loc":{"start":{"line":267,"column":12},"end":{"line":269,"column":13}},"type":"if","locations":[{"start":{"line":267,"column":12},"end":{"line":269,"column":13}},{"start":{},"end":{}}],"line":267},"27":{"loc":{"start":{"line":278,"column":16},"end":{"line":284,"column":17}},"type":"if","locations":[{"start":{"line":278,"column":16},"end":{"line":284,"column":17}},{"start":{},"end":{}}],"line":278},"28":{"loc":{"start":{"line":287,"column":16},"end":{"line":293,"column":17}},"type":"if","locations":[{"start":{"line":287,"column":16},"end":{"line":293,"column":17}},{"start":{},"end":{}}],"line":287},"29":{"loc":{"start":{"line":287,"column":20},"end":{"line":287,"column":38}},"type":"binary-expr","locations":[{"start":{"line":287,"column":20},"end":{"line":287,"column":24}},{"start":{"line":287,"column":28},"end":{"line":287,"column":38}}],"line":287},"30":{"loc":{"start":{"line":289,"column":20},"end":{"line":292,"column":21}},"type":"if","locations":[{"start":{"line":289,"column":20},"end":{"line":292,"column":21}},{"start":{},"end":{}}],"line":289},"31":{"loc":{"start":{"line":289,"column":24},"end":{"line":289,"column":98}},"type":"binary-expr","locations":[{"start":{"line":289,"column":24},"end":{"line":289,"column":61}},{"start":{"line":289,"column":65},"end":{"line":289,"column":98}}],"line":289},"32":{"loc":{"start":{"line":296,"column":16},"end":{"line":298,"column":17}},"type":"if","locations":[{"start":{"line":296,"column":16},"end":{"line":298,"column":17}},{"start":{},"end":{}}],"line":296},"33":{"loc":{"start":{"line":312,"column":12},"end":{"line":314,"column":13}},"type":"if","locations":[{"start":{"line":312,"column":12},"end":{"line":314,"column":13}},{"start":{},"end":{}}],"line":312},"34":{"loc":{"start":{"line":317,"column":12},"end":{"line":321,"column":13}},"type":"if","locations":[{"start":{"line":317,"column":12},"end":{"line":321,"column":13}},{"start":{"line":319,"column":19},"end":{"line":321,"column":13}}],"line":317},"35":{"loc":{"start":{"line":328,"column":12},"end":{"line":330,"column":13}},"type":"if","locations":[{"start":{"line":328,"column":12},"end":{"line":330,"column":13}},{"start":{},"end":{}}],"line":328},"36":{"loc":{"start":{"line":341,"column":8},"end":{"line":341,"column":27}},"type":"if","locations":[{"start":{"line":341,"column":8},"end":{"line":341,"column":27}},{"start":{},"end":{}}],"line":341},"37":{"loc":{"start":{"line":346,"column":8},"end":{"line":350,"column":9}},"type":"if","locations":[{"start":{"line":346,"column":8},"end":{"line":350,"column":9}},{"start":{},"end":{}}],"line":346},"38":{"loc":{"start":{"line":362,"column":12},"end":{"line":365,"column":13}},"type":"if","locations":[{"start":{"line":362,"column":12},"end":{"line":365,"column":13}},{"start":{},"end":{}}],"line":362},"39":{"loc":{"start":{"line":384,"column":8},"end":{"line":386,"column":9}},"type":"if","locations":[{"start":{"line":384,"column":8},"end":{"line":386,"column":9}},{"start":{},"end":{}}],"line":384},"40":{"loc":{"start":{"line":396,"column":16},"end":{"line":411,"column":17}},"type":"if","locations":[{"start":{"line":396,"column":16},"end":{"line":411,"column":17}},{"start":{},"end":{}}],"line":396},"41":{"loc":{"start":{"line":396,"column":20},"end":{"line":396,"column":60}},"type":"binary-expr","locations":[{"start":{"line":396,"column":20},"end":{"line":396,"column":25}},{"start":{"line":396,"column":29},"end":{"line":396,"column":46}},{"start":{"line":396,"column":50},"end":{"line":396,"column":60}}],"line":396},"42":{"loc":{"start":{"line":399,"column":20},"end":{"line":410,"column":21}},"type":"if","locations":[{"start":{"line":399,"column":20},"end":{"line":410,"column":21}},{"start":{"line":402,"column":27},"end":{"line":410,"column":21}}],"line":399},"43":{"loc":{"start":{"line":402,"column":27},"end":{"line":410,"column":21}},"type":"if","locations":[{"start":{"line":402,"column":27},"end":{"line":410,"column":21}},{"start":{},"end":{}}],"line":402},"44":{"loc":{"start":{"line":421,"column":8},"end":{"line":424,"column":9}},"type":"if","locations":[{"start":{"line":421,"column":8},"end":{"line":424,"column":9}},{"start":{},"end":{}}],"line":421},"45":{"loc":{"start":{"line":437,"column":0},"end":{"line":442,"column":1}},"type":"if","locations":[{"start":{"line":437,"column":0},"end":{"line":442,"column":1}},{"start":{"line":439,"column":7},"end":{"line":442,"column":1}}],"line":437},"46":{"loc":{"start":{"line":437,"column":4},"end":{"line":437,"column":51}},"type":"binary-expr","locations":[{"start":{"line":437,"column":4},"end":{"line":437,"column":33}},{"start":{"line":437,"column":37},"end":{"line":437,"column":51}}],"line":437}},"s":{"0":7,"1":7,"2":7,"3":0,"4":7,"5":7,"6":7,"7":7,"8":7,"9":7,"10":7,"11":7,"12":7,"13":7,"14":6,"15":6,"16":6,"17":6,"18":6,"19":6,"20":2,"21":2,"22":2,"23":2,"24":2,"25":0,"26":0,"27":0,"28":0,"29":0,"30":0,"31":5,"32":5,"33":5,"34":0,"35":0,"36":5,"37":5,"38":5,"39":5,"40":0,"41":5,"42":7,"43":5,"44":0,"45":0,"46":0,"47":0,"48":0,"49":0,"50":0,"51":0,"52":0,"53":0,"54":0,"55":0,"56":0,"57":0,"58":0,"59":0,"60":0,"61":0,"62":6,"63":5,"64":5,"65":0,"66":5,"67":5,"68":5,"69":0,"70":0,"71":0,"72":5,"73":5,"74":5,"75":5,"76":5,"77":5,"78":5,"79":2,"80":5,"81":2,"82":2,"83":2,"84":2,"85":2,"86":2,"87":2,"88":0,"89":5,"90":0,"91":0,"92":0,"93":0,"94":0,"95":0,"96":0,"97":0,"98":0,"99":0,"100":0,"101":0,"102":0,"103":5,"104":6,"105":6,"106":6,"107":6,"108":0,"109":6,"110":1,"111":5,"112":5,"113":1,"114":1,"115":1,"116":2,"117":2,"118":0,"119":2,"120":2,"121":0,"122":0,"123":0,"124":2,"125":2,"126":2,"127":1,"128":1,"129":1,"130":10,"131":10,"132":7,"133":0,"134":7,"135":0,"136":0,"137":0,"138":0,"139":0,"140":0,"141":0,"142":0,"143":0,"144":0,"145":0,"146":0,"147":0,"148":0,"149":0,"150":0,"151":0,"152":0,"153":7,"154":7,"155":0},"f":{"0":7,"1":0,"2":0,"3":6,"4":2,"5":5,"6":7,"7":5,"8":0,"9":0,"10":0,"11":0,"12":6,"13":5,"14":2,"15":2,"16":0,"17":6,"18":1,"19":2,"20":1,"21":10,"22":7,"23":0,"24":0,"25":0,"26":0},"b":{"0":[0],"1":[7,0],"2":[7,0],"3":[7,0],"4":[7,7],"5":[7,0],"6":[7,0],"7":[7,7],"8":[5],"9":[0,6],"10":[2,0],"11":[2,1,1],"12":[0,0],"13":[5],"14":[5],"15":[0,5],"16":[5,0],"17":[0,0],"18":[0,0],"19":[0,0],"20":[0,0],"21":[0,0],"22":[0,5],"23":[0,5],"24":[5,0],"25":[5,0],"26":[0,2],"27":[0,0],"28":[0,0],"29":[0,0],"30":[0,0],"31":[0,0],"32":[0,0],"33":[0,6],"34":[1,5],"35":[1,0],"36":[0,2],"37":[0,2],"38":[1,0],"39":[0,7],"40":[0,0],"41":[0,0,0],"42":[0,0],"43":[0,0],"44":[0,0],"45":[7,0],"46":[7,7]},"_coverageSchema":"1a1c01bbd47fc00a2c39e90264f33305004495a9","hash":"99023447f0c606add5720dc9c8efb96233ec98e2"}
,"/Users/lisasimon/repos/IoTSphereAngular/IoTSphere-Refactor/src/micro-frontends/water-heaters/dashboard/components/device-list.js": {"path":"/Users/lisasimon/repos/IoTSphereAngular/IoTSphere-Refactor/src/micro-frontends/water-heaters/dashboard/components/device-list.js","statementMap":{"0":{"start":{"line":9,"column":4},"end":{"line":9,"column":12}},"1":{"start":{"line":10,"column":4},"end":{"line":10,"column":40}},"2":{"start":{"line":13,"column":4},"end":{"line":13,"column":22}},"3":{"start":{"line":14,"column":4},"end":{"line":14,"column":30}},"4":{"start":{"line":15,"column":4},"end":{"line":15,"column":26}},"5":{"start":{"line":16,"column":4},"end":{"line":16,"column":22}},"6":{"start":{"line":17,"column":4},"end":{"line":17,"column":28}},"7":{"start":{"line":20,"column":4},"end":{"line":20,"column":30}},"8":{"start":{"line":21,"column":4},"end":{"line":21,"column":33}},"9":{"start":{"line":22,"column":4},"end":{"line":22,"column":33}},"10":{"start":{"line":25,"column":4},"end":{"line":25,"column":44}},"11":{"start":{"line":32,"column":4},"end":{"line":32,"column":39}},"12":{"start":{"line":33,"column":4},"end":{"line":33,"column":45}},"13":{"start":{"line":34,"column":4},"end":{"line":34,"column":45}},"14":{"start":{"line":36,"column":4},"end":{"line":36,"column":18}},"15":{"start":{"line":43,"column":4},"end":{"line":43,"column":18}},"16":{"start":{"line":51,"column":4},"end":{"line":51,"column":36}},"17":{"start":{"line":59,"column":19},"end":{"line":132,"column":5}},"18":{"start":{"line":135,"column":21},"end":{"line":147,"column":5}},"19":{"start":{"line":150,"column":4},"end":{"line":150,"column":70}},"20":{"start":{"line":153,"column":4},"end":{"line":155,"column":5}},"21":{"start":{"line":154,"column":6},"end":{"line":154,"column":31}},"22":{"start":{"line":162,"column":4},"end":{"line":167,"column":6}},"23":{"start":{"line":174,"column":4},"end":{"line":179,"column":6}},"24":{"start":{"line":186,"column":4},"end":{"line":200,"column":5}},"25":{"start":{"line":187,"column":6},"end":{"line":192,"column":8}},"26":{"start":{"line":194,"column":6},"end":{"line":199,"column":8}},"27":{"start":{"line":207,"column":4},"end":{"line":211,"column":6}},"28":{"start":{"line":209,"column":45},"end":{"line":209,"column":74}},"29":{"start":{"line":218,"column":4},"end":{"line":228,"column":6}},"30":{"start":{"line":236,"column":24},"end":{"line":236,"column":70}},"31":{"start":{"line":237,"column":4},"end":{"line":239,"column":5}},"32":{"start":{"line":238,"column":6},"end":{"line":238,"column":66}},"33":{"start":{"line":238,"column":50},"end":{"line":238,"column":64}},"34":{"start":{"line":242,"column":31},"end":{"line":242,"column":85}},"35":{"start":{"line":243,"column":4},"end":{"line":251,"column":5}},"36":{"start":{"line":244,"column":6},"end":{"line":250,"column":9}},"37":{"start":{"line":245,"column":8},"end":{"line":245,"column":32}},"38":{"start":{"line":246,"column":8},"end":{"line":246,"column":29}},"39":{"start":{"line":249,"column":8},"end":{"line":249,"column":63}},"40":{"start":{"line":254,"column":4},"end":{"line":263,"column":7}},"41":{"start":{"line":255,"column":19},"end":{"line":255,"column":79}},"42":{"start":{"line":256,"column":6},"end":{"line":262,"column":7}},"43":{"start":{"line":257,"column":8},"end":{"line":261,"column":11}},"44":{"start":{"line":258,"column":10},"end":{"line":260,"column":11}},"45":{"start":{"line":259,"column":12},"end":{"line":259,"column":52}},"46":{"start":{"line":270,"column":4},"end":{"line":270,"column":26}},"47":{"start":{"line":271,"column":4},"end":{"line":271,"column":22}},"48":{"start":{"line":272,"column":4},"end":{"line":272,"column":18}},"49":{"start":{"line":274,"column":4},"end":{"line":294,"column":5}},"50":{"start":{"line":276,"column":6},"end":{"line":276,"column":38}},"51":{"start":{"line":279,"column":6},"end":{"line":279,"column":59}},"52":{"start":{"line":282,"column":6},"end":{"line":282,"column":27}},"53":{"start":{"line":285,"column":6},"end":{"line":285,"column":34}},"54":{"start":{"line":287,"column":6},"end":{"line":287,"column":29}},"55":{"start":{"line":288,"column":6},"end":{"line":288,"column":20}},"56":{"start":{"line":290,"column":6},"end":{"line":290,"column":53}},"57":{"start":{"line":291,"column":6},"end":{"line":291,"column":63}},"58":{"start":{"line":292,"column":6},"end":{"line":292,"column":29}},"59":{"start":{"line":293,"column":6},"end":{"line":293,"column":20}},"60":{"start":{"line":301,"column":4},"end":{"line":301,"column":39}},"61":{"start":{"line":301,"column":32},"end":{"line":301,"column":39}},"62":{"start":{"line":303,"column":4},"end":{"line":316,"column":7}},"63":{"start":{"line":304,"column":27},"end":{"line":313,"column":7}},"64":{"start":{"line":308,"column":29},"end":{"line":308,"column":89}},"65":{"start":{"line":309,"column":10},"end":{"line":311,"column":11}},"66":{"start":{"line":310,"column":12},"end":{"line":310,"column":54}},"67":{"start":{"line":315,"column":6},"end":{"line":315,"column":70}},"68":{"start":{"line":323,"column":4},"end":{"line":323,"column":39}},"69":{"start":{"line":323,"column":32},"end":{"line":323,"column":39}},"70":{"start":{"line":325,"column":4},"end":{"line":327,"column":7}},"71":{"start":{"line":326,"column":6},"end":{"line":326,"column":54}},"72":{"start":{"line":329,"column":4},"end":{"line":329,"column":40}},"73":{"start":{"line":336,"column":4},"end":{"line":336,"column":33}},"74":{"start":{"line":337,"column":4},"end":{"line":337,"column":25}},"75":{"start":{"line":338,"column":4},"end":{"line":338,"column":18}},"76":{"start":{"line":341,"column":4},"end":{"line":341,"column":36}},"77":{"start":{"line":342,"column":4},"end":{"line":342,"column":32}},"78":{"start":{"line":349,"column":4},"end":{"line":371,"column":7}},"79":{"start":{"line":351,"column":6},"end":{"line":353,"column":7}},"80":{"start":{"line":352,"column":8},"end":{"line":352,"column":20}},"81":{"start":{"line":356,"column":6},"end":{"line":368,"column":7}},"82":{"start":{"line":357,"column":8},"end":{"line":359,"column":9}},"83":{"start":{"line":358,"column":10},"end":{"line":358,"column":23}},"84":{"start":{"line":361,"column":8},"end":{"line":363,"column":9}},"85":{"start":{"line":362,"column":10},"end":{"line":362,"column":23}},"86":{"start":{"line":365,"column":8},"end":{"line":367,"column":9}},"87":{"start":{"line":366,"column":10},"end":{"line":366,"column":23}},"88":{"start":{"line":370,"column":6},"end":{"line":370,"column":18}},"89":{"start":{"line":379,"column":18},"end":{"line":379,"column":86}},"90":{"start":{"line":379,"column":46},"end":{"line":379,"column":85}},"91":{"start":{"line":381,"column":4},"end":{"line":396,"column":5}},"92":{"start":{"line":383,"column":6},"end":{"line":383,"column":42}},"93":{"start":{"line":386,"column":6},"end":{"line":386,"column":27}},"94":{"start":{"line":389,"column":25},"end":{"line":389,"column":92}},"95":{"start":{"line":390,"column":6},"end":{"line":395,"column":7}},"96":{"start":{"line":391,"column":8},"end":{"line":391,"column":47}},"97":{"start":{"line":394,"column":8},"end":{"line":394,"column":22}}},"fnMap":{"0":{"name":"(anonymous_0)","decl":{"start":{"line":8,"column":2},"end":{"line":8,"column":3}},"loc":{"start":{"line":8,"column":16},"end":{"line":26,"column":3}},"line":8},"1":{"name":"(anonymous_1)","decl":{"start":{"line":31,"column":2},"end":{"line":31,"column":3}},"loc":{"start":{"line":31,"column":68},"end":{"line":37,"column":3}},"line":31},"2":{"name":"(anonymous_2)","decl":{"start":{"line":42,"column":2},"end":{"line":42,"column":3}},"loc":{"start":{"line":42,"column":22},"end":{"line":44,"column":3}},"line":42},"3":{"name":"(anonymous_3)","decl":{"start":{"line":49,"column":2},"end":{"line":49,"column":3}},"loc":{"start":{"line":49,"column":25},"end":{"line":52,"column":3}},"line":49},"4":{"name":"(anonymous_4)","decl":{"start":{"line":57,"column":2},"end":{"line":57,"column":3}},"loc":{"start":{"line":57,"column":11},"end":{"line":156,"column":3}},"line":57},"5":{"name":"(anonymous_5)","decl":{"start":{"line":161,"column":2},"end":{"line":161,"column":3}},"loc":{"start":{"line":161,"column":18},"end":{"line":168,"column":3}},"line":161},"6":{"name":"(anonymous_6)","decl":{"start":{"line":173,"column":2},"end":{"line":173,"column":3}},"loc":{"start":{"line":173,"column":16},"end":{"line":180,"column":3}},"line":173},"7":{"name":"(anonymous_7)","decl":{"start":{"line":185,"column":2},"end":{"line":185,"column":3}},"loc":{"start":{"line":185,"column":20},"end":{"line":201,"column":3}},"line":185},"8":{"name":"(anonymous_8)","decl":{"start":{"line":206,"column":2},"end":{"line":206,"column":3}},"loc":{"start":{"line":206,"column":18},"end":{"line":212,"column":3}},"line":206},"9":{"name":"(anonymous_9)","decl":{"start":{"line":209,"column":35},"end":{"line":209,"column":36}},"loc":{"start":{"line":209,"column":45},"end":{"line":209,"column":74}},"line":209},"10":{"name":"(anonymous_10)","decl":{"start":{"line":217,"column":2},"end":{"line":217,"column":3}},"loc":{"start":{"line":217,"column":27},"end":{"line":229,"column":3}},"line":217},"11":{"name":"(anonymous_11)","decl":{"start":{"line":234,"column":2},"end":{"line":234,"column":3}},"loc":{"start":{"line":234,"column":22},"end":{"line":264,"column":3}},"line":234},"12":{"name":"(anonymous_12)","decl":{"start":{"line":238,"column":44},"end":{"line":238,"column":45}},"loc":{"start":{"line":238,"column":50},"end":{"line":238,"column":64}},"line":238},"13":{"name":"(anonymous_13)","decl":{"start":{"line":244,"column":51},"end":{"line":244,"column":52}},"loc":{"start":{"line":244,"column":57},"end":{"line":250,"column":7}},"line":244},"14":{"name":"(anonymous_14)","decl":{"start":{"line":254,"column":33},"end":{"line":254,"column":34}},"loc":{"start":{"line":254,"column":43},"end":{"line":263,"column":5}},"line":254},"15":{"name":"(anonymous_15)","decl":{"start":{"line":257,"column":39},"end":{"line":257,"column":40}},"loc":{"start":{"line":257,"column":45},"end":{"line":261,"column":9}},"line":257},"16":{"name":"(anonymous_16)","decl":{"start":{"line":269,"column":2},"end":{"line":269,"column":3}},"loc":{"start":{"line":269,"column":18},"end":{"line":295,"column":3}},"line":269},"17":{"name":"(anonymous_17)","decl":{"start":{"line":300,"column":2},"end":{"line":300,"column":3}},"loc":{"start":{"line":300,"column":25},"end":{"line":317,"column":3}},"line":300},"18":{"name":"(anonymous_18)","decl":{"start":{"line":303,"column":33},"end":{"line":303,"column":34}},"loc":{"start":{"line":303,"column":43},"end":{"line":316,"column":5}},"line":303},"19":{"name":"(anonymous_19)","decl":{"start":{"line":306,"column":8},"end":{"line":306,"column":9}},"loc":{"start":{"line":306,"column":27},"end":{"line":312,"column":9}},"line":306},"20":{"name":"(anonymous_20)","decl":{"start":{"line":322,"column":2},"end":{"line":322,"column":3}},"loc":{"start":{"line":322,"column":29},"end":{"line":330,"column":3}},"line":322},"21":{"name":"(anonymous_21)","decl":{"start":{"line":325,"column":40},"end":{"line":325,"column":41}},"loc":{"start":{"line":325,"column":68},"end":{"line":327,"column":5}},"line":325},"22":{"name":"(anonymous_22)","decl":{"start":{"line":335,"column":2},"end":{"line":335,"column":3}},"loc":{"start":{"line":335,"column":24},"end":{"line":343,"column":3}},"line":335},"23":{"name":"(anonymous_23)","decl":{"start":{"line":348,"column":2},"end":{"line":348,"column":3}},"loc":{"start":{"line":348,"column":18},"end":{"line":372,"column":3}},"line":348},"24":{"name":"(anonymous_24)","decl":{"start":{"line":349,"column":47},"end":{"line":349,"column":48}},"loc":{"start":{"line":349,"column":57},"end":{"line":371,"column":5}},"line":349},"25":{"name":"(anonymous_25)","decl":{"start":{"line":377,"column":2},"end":{"line":377,"column":3}},"loc":{"start":{"line":377,"column":30},"end":{"line":397,"column":3}},"line":377},"26":{"name":"(anonymous_26)","decl":{"start":{"line":379,"column":41},"end":{"line":379,"column":42}},"loc":{"start":{"line":379,"column":46},"end":{"line":379,"column":85}},"line":379}},"branchMap":{"0":{"loc":{"start":{"line":137,"column":10},"end":{"line":137,"column":52}},"type":"cond-expr","locations":[{"start":{"line":137,"column":27},"end":{"line":137,"column":47}},{"start":{"line":137,"column":50},"end":{"line":137,"column":52}}],"line":137},"1":{"loc":{"start":{"line":138,"column":10},"end":{"line":138,"column":46}},"type":"cond-expr","locations":[{"start":{"line":138,"column":23},"end":{"line":138,"column":41}},{"start":{"line":138,"column":44},"end":{"line":138,"column":46}}],"line":138},"2":{"loc":{"start":{"line":139,"column":10},"end":{"line":141,"column":14}},"type":"cond-expr","locations":[{"start":{"line":140,"column":12},"end":{"line":140,"column":34}},{"start":{"line":141,"column":12},"end":{"line":141,"column":14}}],"line":139},"3":{"loc":{"start":{"line":139,"column":10},"end":{"line":139,"column":77}},"type":"binary-expr","locations":[{"start":{"line":139,"column":10},"end":{"line":139,"column":25}},{"start":{"line":139,"column":29},"end":{"line":139,"column":40}},{"start":{"line":139,"column":44},"end":{"line":139,"column":77}}],"line":139},"4":{"loc":{"start":{"line":143,"column":10},"end":{"line":145,"column":14}},"type":"cond-expr","locations":[{"start":{"line":144,"column":12},"end":{"line":144,"column":32}},{"start":{"line":145,"column":12},"end":{"line":145,"column":14}}],"line":143},"5":{"loc":{"start":{"line":143,"column":10},"end":{"line":143,"column":75}},"type":"binary-expr","locations":[{"start":{"line":143,"column":10},"end":{"line":143,"column":25}},{"start":{"line":143,"column":29},"end":{"line":143,"column":40}},{"start":{"line":143,"column":44},"end":{"line":143,"column":75}}],"line":143},"6":{"loc":{"start":{"line":153,"column":4},"end":{"line":155,"column":5}},"type":"if","locations":[{"start":{"line":153,"column":4},"end":{"line":155,"column":5}},{"start":{},"end":{}}],"line":153},"7":{"loc":{"start":{"line":153,"column":8},"end":{"line":153,"column":73}},"type":"binary-expr","locations":[{"start":{"line":153,"column":8},"end":{"line":153,"column":23}},{"start":{"line":153,"column":27},"end":{"line":153,"column":38}},{"start":{"line":153,"column":42},"end":{"line":153,"column":73}}],"line":153},"8":{"loc":{"start":{"line":186,"column":4},"end":{"line":200,"column":5}},"type":"if","locations":[{"start":{"line":186,"column":4},"end":{"line":200,"column":5}},{"start":{"line":193,"column":11},"end":{"line":200,"column":5}}],"line":186},"9":{"loc":{"start":{"line":222,"column":23},"end":{"line":222,"column":86}},"type":"binary-expr","locations":[{"start":{"line":222,"column":23},"end":{"line":222,"column":42}},{"start":{"line":222,"column":46},"end":{"line":222,"column":86}}],"line":222},"10":{"loc":{"start":{"line":237,"column":4},"end":{"line":239,"column":5}},"type":"if","locations":[{"start":{"line":237,"column":4},"end":{"line":239,"column":5}},{"start":{},"end":{}}],"line":237},"11":{"loc":{"start":{"line":243,"column":4},"end":{"line":251,"column":5}},"type":"if","locations":[{"start":{"line":243,"column":4},"end":{"line":251,"column":5}},{"start":{},"end":{}}],"line":243},"12":{"loc":{"start":{"line":256,"column":6},"end":{"line":262,"column":7}},"type":"if","locations":[{"start":{"line":256,"column":6},"end":{"line":262,"column":7}},{"start":{},"end":{}}],"line":256},"13":{"loc":{"start":{"line":258,"column":10},"end":{"line":260,"column":11}},"type":"if","locations":[{"start":{"line":258,"column":10},"end":{"line":260,"column":11}},{"start":{},"end":{}}],"line":258},"14":{"loc":{"start":{"line":301,"column":4},"end":{"line":301,"column":39}},"type":"if","locations":[{"start":{"line":301,"column":4},"end":{"line":301,"column":39}},{"start":{},"end":{}}],"line":301},"15":{"loc":{"start":{"line":309,"column":10},"end":{"line":311,"column":11}},"type":"if","locations":[{"start":{"line":309,"column":10},"end":{"line":311,"column":11}},{"start":{},"end":{}}],"line":309},"16":{"loc":{"start":{"line":323,"column":4},"end":{"line":323,"column":39}},"type":"if","locations":[{"start":{"line":323,"column":4},"end":{"line":323,"column":39}},{"start":{},"end":{}}],"line":323},"17":{"loc":{"start":{"line":351,"column":6},"end":{"line":353,"column":7}},"type":"if","locations":[{"start":{"line":351,"column":6},"end":{"line":353,"column":7}},{"start":{},"end":{}}],"line":351},"18":{"loc":{"start":{"line":357,"column":8},"end":{"line":359,"column":9}},"type":"if","locations":[{"start":{"line":357,"column":8},"end":{"line":359,"column":9}},{"start":{},"end":{}}],"line":357},"19":{"loc":{"start":{"line":357,"column":12},"end":{"line":357,"column":67}},"type":"binary-expr","locations":[{"start":{"line":357,"column":12},"end":{"line":357,"column":34}},{"start":{"line":357,"column":38},"end":{"line":357,"column":67}}],"line":357},"20":{"loc":{"start":{"line":361,"column":8},"end":{"line":363,"column":9}},"type":"if","locations":[{"start":{"line":361,"column":8},"end":{"line":363,"column":9}},{"start":{},"end":{}}],"line":361},"21":{"loc":{"start":{"line":361,"column":12},"end":{"line":361,"column":76}},"type":"binary-expr","locations":[{"start":{"line":361,"column":12},"end":{"line":361,"column":38}},{"start":{"line":361,"column":42},"end":{"line":361,"column":76}}],"line":361},"22":{"loc":{"start":{"line":365,"column":8},"end":{"line":367,"column":9}},"type":"if","locations":[{"start":{"line":365,"column":8},"end":{"line":367,"column":9}},{"start":{},"end":{}}],"line":365},"23":{"loc":{"start":{"line":365,"column":12},"end":{"line":365,"column":74}},"type":"binary-expr","locations":[{"start":{"line":365,"column":12},"end":{"line":365,"column":35}},{"start":{"line":365,"column":39},"end":{"line":365,"column":53}},{"start":{"line":365,"column":57},"end":{"line":365,"column":74}}],"line":365},"24":{"loc":{"start":{"line":381,"column":4},"end":{"line":396,"column":5}},"type":"if","locations":[{"start":{"line":381,"column":4},"end":{"line":396,"column":5}},{"start":{},"end":{}}],"line":381},"25":{"loc":{"start":{"line":390,"column":6},"end":{"line":395,"column":7}},"type":"if","locations":[{"start":{"line":390,"column":6},"end":{"line":395,"column":7}},{"start":{"line":392,"column":13},"end":{"line":395,"column":7}}],"line":390}},"s":{"0":0,"1":0,"2":0,"3":0,"4":0,"5":0,"6":0,"7":0,"8":0,"9":0,"10":0,"11":0,"12":0,"13":0,"14":0,"15":0,"16":0,"17":0,"18":0,"19":0,"20":0,"21":0,"22":0,"23":0,"24":0,"25":0,"26":0,"27":0,"28":0,"29":0,"30":0,"31":0,"32":0,"33":0,"34":0,"35":0,"36":0,"37":0,"38":0,"39":0,"40":0,"41":0,"42":0,"43":0,"44":0,"45":0,"46":0,"47":0,"48":0,"49":0,"50":0,"51":0,"52":0,"53":0,"54":0,"55":0,"56":0,"57":0,"58":0,"59":0,"60":0,"61":0,"62":0,"63":0,"64":0,"65":0,"66":0,"67":0,"68":0,"69":0,"70":0,"71":0,"72":0,"73":0,"74":0,"75":0,"76":0,"77":0,"78":0,"79":0,"80":0,"81":0,"82":0,"83":0,"84":0,"85":0,"86":0,"87":0,"88":0,"89":0,"90":0,"91":0,"92":0,"93":0,"94":0,"95":0,"96":0,"97":0},"f":{"0":0,"1":0,"2":0,"3":0,"4":0,"5":0,"6":0,"7":0,"8":0,"9":0,"10":0,"11":0,"12":0,"13":0,"14":0,"15":0,"16":0,"17":0,"18":0,"19":0,"20":0,"21":0,"22":0,"23":0,"24":0,"25":0,"26":0},"b":{"0":[0,0],"1":[0,0],"2":[0,0],"3":[0,0,0],"4":[0,0],"5":[0,0,0],"6":[0,0],"7":[0,0,0],"8":[0,0],"9":[0,0],"10":[0,0],"11":[0,0],"12":[0,0],"13":[0,0],"14":[0,0],"15":[0,0],"16":[0,0],"17":[0,0],"18":[0,0],"19":[0,0],"20":[0,0],"21":[0,0],"22":[0,0],"23":[0,0,0],"24":[0,0],"25":[0,0]},"_coverageSchema":"1a1c01bbd47fc00a2c39e90264f33305004495a9","hash":"4b8fe399647dc3a7455bb9adce9dfdaea7273942"}
,"/Users/lisasimon/repos/IoTSphereAngular/IoTSphere-Refactor/src/micro-frontends/water-heaters/dashboard/components/device-status-card.js": {"path":"/Users/lisasimon/repos/IoTSphereAngular/IoTSphere-Refactor/src/micro-frontends/water-heaters/dashboard/components/device-status-card.js","statementMap":{"0":{"start":{"line":10,"column":4},"end":{"line":17,"column":6}},"1":{"start":{"line":21,"column":4},"end":{"line":21,"column":12}},"2":{"start":{"line":22,"column":4},"end":{"line":22,"column":40}},"3":{"start":{"line":25,"column":4},"end":{"line":25,"column":23}},"4":{"start":{"line":26,"column":4},"end":{"line":26,"column":25}},"5":{"start":{"line":27,"column":4},"end":{"line":27,"column":27}},"6":{"start":{"line":28,"column":4},"end":{"line":28,"column":20}},"7":{"start":{"line":29,"column":4},"end":{"line":29,"column":43}},"8":{"start":{"line":30,"column":4},"end":{"line":30,"column":27}},"9":{"start":{"line":31,"column":4},"end":{"line":31,"column":31}},"10":{"start":{"line":34,"column":4},"end":{"line":42,"column":6}},"11":{"start":{"line":49,"column":4},"end":{"line":49,"column":18}},"12":{"start":{"line":56,"column":4},"end":{"line":56,"column":38}},"13":{"start":{"line":56,"column":31},"end":{"line":56,"column":38}},"14":{"start":{"line":58,"column":4},"end":{"line":77,"column":5}},"15":{"start":{"line":60,"column":8},"end":{"line":60,"column":33}},"16":{"start":{"line":61,"column":8},"end":{"line":61,"column":14}},"17":{"start":{"line":63,"column":8},"end":{"line":63,"column":35}},"18":{"start":{"line":64,"column":8},"end":{"line":64,"column":14}},"19":{"start":{"line":66,"column":8},"end":{"line":66,"column":37}},"20":{"start":{"line":67,"column":8},"end":{"line":67,"column":14}},"21":{"start":{"line":69,"column":8},"end":{"line":69,"column":30}},"22":{"start":{"line":70,"column":8},"end":{"line":70,"column":14}},"23":{"start":{"line":72,"column":8},"end":{"line":72,"column":41}},"24":{"start":{"line":73,"column":8},"end":{"line":73,"column":14}},"25":{"start":{"line":75,"column":8},"end":{"line":75,"column":66}},"26":{"start":{"line":76,"column":8},"end":{"line":76,"column":14}},"27":{"start":{"line":79,"column":4},"end":{"line":79,"column":18}},"28":{"start":{"line":87,"column":4},"end":{"line":87,"column":61}},"29":{"start":{"line":90,"column":4},"end":{"line":90,"column":29}},"30":{"start":{"line":97,"column":4},"end":{"line":97,"column":55}},"31":{"start":{"line":97,"column":48},"end":{"line":97,"column":55}},"32":{"start":{"line":100,"column":4},"end":{"line":104,"column":5}},"33":{"start":{"line":101,"column":6},"end":{"line":101,"column":48}},"34":{"start":{"line":102,"column":11},"end":{"line":104,"column":5}},"35":{"start":{"line":103,"column":6},"end":{"line":103,"column":73}},"36":{"start":{"line":106,"column":4},"end":{"line":106,"column":77}},"37":{"start":{"line":106,"column":33},"end":{"line":106,"column":77}},"38":{"start":{"line":107,"column":4},"end":{"line":107,"column":56}},"39":{"start":{"line":107,"column":26},"end":{"line":107,"column":56}},"40":{"start":{"line":108,"column":4},"end":{"line":108,"column":91}},"41":{"start":{"line":108,"column":38},"end":{"line":108,"column":91}},"42":{"start":{"line":109,"column":4},"end":{"line":109,"column":82}},"43":{"start":{"line":109,"column":44},"end":{"line":109,"column":82}},"44":{"start":{"line":112,"column":4},"end":{"line":114,"column":5}},"45":{"start":{"line":113,"column":6},"end":{"line":113,"column":45}},"46":{"start":{"line":117,"column":4},"end":{"line":117,"column":18}},"47":{"start":{"line":125,"column":17},"end":{"line":125,"column":62}},"48":{"start":{"line":126,"column":4},"end":{"line":126,"column":22}},"49":{"start":{"line":126,"column":15},"end":{"line":126,"column":22}},"50":{"start":{"line":129,"column":26},"end":{"line":129,"column":79}},"51":{"start":{"line":130,"column":25},"end":{"line":130,"column":77}},"52":{"start":{"line":132,"column":4},"end":{"line":134,"column":5}},"53":{"start":{"line":133,"column":6},"end":{"line":133,"column":93}},"54":{"start":{"line":136,"column":4},"end":{"line":138,"column":5}},"55":{"start":{"line":137,"column":6},"end":{"line":137,"column":93}},"56":{"start":{"line":141,"column":28},"end":{"line":141,"column":76}},"57":{"start":{"line":142,"column":4},"end":{"line":145,"column":5}},"58":{"start":{"line":143,"column":6},"end":{"line":143,"column":80}},"59":{"start":{"line":144,"column":6},"end":{"line":144,"column":87}},"60":{"start":{"line":148,"column":24},"end":{"line":148,"column":68}},"61":{"start":{"line":149,"column":4},"end":{"line":151,"column":5}},"62":{"start":{"line":150,"column":6},"end":{"line":150,"column":69}},"63":{"start":{"line":154,"column":25},"end":{"line":154,"column":70}},"64":{"start":{"line":155,"column":4},"end":{"line":157,"column":5}},"65":{"start":{"line":156,"column":6},"end":{"line":156,"column":90}},"66":{"start":{"line":160,"column":24},"end":{"line":160,"column":68}},"67":{"start":{"line":161,"column":4},"end":{"line":163,"column":5}},"68":{"start":{"line":162,"column":6},"end":{"line":162,"column":82}},"69":{"start":{"line":166,"column":26},"end":{"line":166,"column":72}},"70":{"start":{"line":167,"column":4},"end":{"line":171,"column":5}},"71":{"start":{"line":168,"column":6},"end":{"line":170,"column":18}},"72":{"start":{"line":178,"column":4},"end":{"line":178,"column":51}},"73":{"start":{"line":178,"column":40},"end":{"line":178,"column":51}},"74":{"start":{"line":179,"column":4},"end":{"line":179,"column":57}},"75":{"start":{"line":186,"column":4},"end":{"line":186,"column":32}},"76":{"start":{"line":186,"column":15},"end":{"line":186,"column":32}},"77":{"start":{"line":189,"column":4},"end":{"line":189,"column":56}},"78":{"start":{"line":196,"column":4},"end":{"line":201,"column":5}},"79":{"start":{"line":197,"column":19},"end":{"line":197,"column":38}},"80":{"start":{"line":198,"column":6},"end":{"line":198,"column":35}},"81":{"start":{"line":200,"column":6},"end":{"line":200,"column":36}},"82":{"start":{"line":208,"column":4},"end":{"line":208,"column":68}},"83":{"start":{"line":209,"column":4},"end":{"line":209,"column":29}},"84":{"start":{"line":217,"column":19},"end":{"line":365,"column":5}},"85":{"start":{"line":368,"column":21},"end":{"line":426,"column":5}},"86":{"start":{"line":429,"column":4},"end":{"line":429,"column":70}},"87":{"start":{"line":432,"column":17},"end":{"line":432,"column":62}},"88":{"start":{"line":433,"column":4},"end":{"line":442,"column":7}},"89":{"start":{"line":435,"column":6},"end":{"line":441,"column":10}}},"fnMap":{"0":{"name":"(anonymous_0)","decl":{"start":{"line":9,"column":2},"end":{"line":9,"column":3}},"loc":{"start":{"line":9,"column":34},"end":{"line":18,"column":3}},"line":9},"1":{"name":"(anonymous_1)","decl":{"start":{"line":20,"column":2},"end":{"line":20,"column":3}},"loc":{"start":{"line":20,"column":16},"end":{"line":43,"column":3}},"line":20},"2":{"name":"(anonymous_2)","decl":{"start":{"line":48,"column":2},"end":{"line":48,"column":3}},"loc":{"start":{"line":48,"column":22},"end":{"line":50,"column":3}},"line":48},"3":{"name":"(anonymous_3)","decl":{"start":{"line":55,"column":2},"end":{"line":55,"column":3}},"loc":{"start":{"line":55,"column":53},"end":{"line":80,"column":3}},"line":55},"4":{"name":"(anonymous_4)","decl":{"start":{"line":85,"column":2},"end":{"line":85,"column":3}},"loc":{"start":{"line":85,"column":33},"end":{"line":91,"column":3}},"line":85},"5":{"name":"(anonymous_5)","decl":{"start":{"line":96,"column":2},"end":{"line":96,"column":3}},"loc":{"start":{"line":96,"column":27},"end":{"line":118,"column":3}},"line":96},"6":{"name":"(anonymous_6)","decl":{"start":{"line":123,"column":2},"end":{"line":123,"column":3}},"loc":{"start":{"line":123,"column":22},"end":{"line":172,"column":3}},"line":123},"7":{"name":"(anonymous_7)","decl":{"start":{"line":177,"column":2},"end":{"line":177,"column":3}},"loc":{"start":{"line":177,"column":27},"end":{"line":180,"column":3}},"line":177},"8":{"name":"(anonymous_8)","decl":{"start":{"line":185,"column":2},"end":{"line":185,"column":3}},"loc":{"start":{"line":185,"column":19},"end":{"line":190,"column":3}},"line":185},"9":{"name":"(anonymous_9)","decl":{"start":{"line":195,"column":2},"end":{"line":195,"column":3}},"loc":{"start":{"line":195,"column":31},"end":{"line":202,"column":3}},"line":195},"10":{"name":"(anonymous_10)","decl":{"start":{"line":207,"column":2},"end":{"line":207,"column":3}},"loc":{"start":{"line":207,"column":26},"end":{"line":210,"column":3}},"line":207},"11":{"name":"(anonymous_11)","decl":{"start":{"line":215,"column":2},"end":{"line":215,"column":3}},"loc":{"start":{"line":215,"column":11},"end":{"line":443,"column":3}},"line":215},"12":{"name":"(anonymous_12)","decl":{"start":{"line":433,"column":35},"end":{"line":433,"column":36}},"loc":{"start":{"line":433,"column":46},"end":{"line":442,"column":5}},"line":433}},"branchMap":{"0":{"loc":{"start":{"line":56,"column":4},"end":{"line":56,"column":38}},"type":"if","locations":[{"start":{"line":56,"column":4},"end":{"line":56,"column":38}},{"start":{},"end":{}}],"line":56},"1":{"loc":{"start":{"line":58,"column":4},"end":{"line":77,"column":5}},"type":"switch","locations":[{"start":{"line":59,"column":6},"end":{"line":61,"column":14}},{"start":{"line":62,"column":6},"end":{"line":64,"column":14}},{"start":{"line":65,"column":6},"end":{"line":67,"column":14}},{"start":{"line":68,"column":6},"end":{"line":70,"column":14}},{"start":{"line":71,"column":6},"end":{"line":73,"column":14}},{"start":{"line":74,"column":6},"end":{"line":76,"column":14}}],"line":58},"2":{"loc":{"start":{"line":75,"column":26},"end":{"line":75,"column":64}},"type":"binary-expr","locations":[{"start":{"line":75,"column":26},"end":{"line":75,"column":45}},{"start":{"line":75,"column":49},"end":{"line":75,"column":64}}],"line":75},"3":{"loc":{"start":{"line":97,"column":4},"end":{"line":97,"column":55}},"type":"if","locations":[{"start":{"line":97,"column":4},"end":{"line":97,"column":55}},{"start":{},"end":{}}],"line":97},"4":{"loc":{"start":{"line":100,"column":4},"end":{"line":104,"column":5}},"type":"if","locations":[{"start":{"line":100,"column":4},"end":{"line":104,"column":5}},{"start":{"line":102,"column":11},"end":{"line":104,"column":5}}],"line":100},"5":{"loc":{"start":{"line":102,"column":11},"end":{"line":104,"column":5}},"type":"if","locations":[{"start":{"line":102,"column":11},"end":{"line":104,"column":5}},{"start":{},"end":{}}],"line":102},"6":{"loc":{"start":{"line":102,"column":15},"end":{"line":102,"column":58}},"type":"binary-expr","locations":[{"start":{"line":102,"column":15},"end":{"line":102,"column":38}},{"start":{"line":102,"column":42},"end":{"line":102,"column":58}}],"line":102},"7":{"loc":{"start":{"line":106,"column":4},"end":{"line":106,"column":77}},"type":"if","locations":[{"start":{"line":106,"column":4},"end":{"line":106,"column":77}},{"start":{},"end":{}}],"line":106},"8":{"loc":{"start":{"line":107,"column":4},"end":{"line":107,"column":56}},"type":"if","locations":[{"start":{"line":107,"column":4},"end":{"line":107,"column":56}},{"start":{},"end":{}}],"line":107},"9":{"loc":{"start":{"line":108,"column":4},"end":{"line":108,"column":91}},"type":"if","locations":[{"start":{"line":108,"column":4},"end":{"line":108,"column":91}},{"start":{},"end":{}}],"line":108},"10":{"loc":{"start":{"line":109,"column":4},"end":{"line":109,"column":82}},"type":"if","locations":[{"start":{"line":109,"column":4},"end":{"line":109,"column":82}},{"start":{},"end":{}}],"line":109},"11":{"loc":{"start":{"line":112,"column":4},"end":{"line":114,"column":5}},"type":"if","locations":[{"start":{"line":112,"column":4},"end":{"line":114,"column":5}},{"start":{},"end":{}}],"line":112},"12":{"loc":{"start":{"line":126,"column":4},"end":{"line":126,"column":22}},"type":"if","locations":[{"start":{"line":126,"column":4},"end":{"line":126,"column":22}},{"start":{},"end":{}}],"line":126},"13":{"loc":{"start":{"line":132,"column":4},"end":{"line":134,"column":5}},"type":"if","locations":[{"start":{"line":132,"column":4},"end":{"line":134,"column":5}},{"start":{},"end":{}}],"line":132},"14":{"loc":{"start":{"line":132,"column":8},"end":{"line":132,"column":68}},"type":"binary-expr","locations":[{"start":{"line":132,"column":8},"end":{"line":132,"column":21}},{"start":{"line":132,"column":25},"end":{"line":132,"column":68}}],"line":132},"15":{"loc":{"start":{"line":136,"column":4},"end":{"line":138,"column":5}},"type":"if","locations":[{"start":{"line":136,"column":4},"end":{"line":138,"column":5}},{"start":{},"end":{}}],"line":136},"16":{"loc":{"start":{"line":136,"column":8},"end":{"line":136,"column":68}},"type":"binary-expr","locations":[{"start":{"line":136,"column":8},"end":{"line":136,"column":20}},{"start":{"line":136,"column":24},"end":{"line":136,"column":68}}],"line":136},"17":{"loc":{"start":{"line":142,"column":4},"end":{"line":145,"column":5}},"type":"if","locations":[{"start":{"line":142,"column":4},"end":{"line":145,"column":5}},{"start":{},"end":{}}],"line":142},"18":{"loc":{"start":{"line":144,"column":36},"end":{"line":144,"column":86}},"type":"cond-expr","locations":[{"start":{"line":144,"column":68},"end":{"line":144,"column":77}},{"start":{"line":144,"column":80},"end":{"line":144,"column":86}}],"line":144},"19":{"loc":{"start":{"line":149,"column":4},"end":{"line":151,"column":5}},"type":"if","locations":[{"start":{"line":149,"column":4},"end":{"line":151,"column":5}},{"start":{},"end":{}}],"line":149},"20":{"loc":{"start":{"line":149,"column":8},"end":{"line":149,"column":42}},"type":"binary-expr","locations":[{"start":{"line":149,"column":8},"end":{"line":149,"column":19}},{"start":{"line":149,"column":23},"end":{"line":149,"column":42}}],"line":149},"21":{"loc":{"start":{"line":155,"column":4},"end":{"line":157,"column":5}},"type":"if","locations":[{"start":{"line":155,"column":4},"end":{"line":157,"column":5}},{"start":{},"end":{}}],"line":155},"22":{"loc":{"start":{"line":155,"column":8},"end":{"line":155,"column":71}},"type":"binary-expr","locations":[{"start":{"line":155,"column":8},"end":{"line":155,"column":20}},{"start":{"line":155,"column":24},"end":{"line":155,"column":71}}],"line":155},"23":{"loc":{"start":{"line":161,"column":4},"end":{"line":163,"column":5}},"type":"if","locations":[{"start":{"line":161,"column":4},"end":{"line":163,"column":5}},{"start":{},"end":{}}],"line":161},"24":{"loc":{"start":{"line":161,"column":8},"end":{"line":161,"column":61}},"type":"binary-expr","locations":[{"start":{"line":161,"column":8},"end":{"line":161,"column":19}},{"start":{"line":161,"column":23},"end":{"line":161,"column":61}}],"line":161},"25":{"loc":{"start":{"line":167,"column":4},"end":{"line":171,"column":5}},"type":"if","locations":[{"start":{"line":167,"column":4},"end":{"line":171,"column":5}},{"start":{},"end":{}}],"line":167},"26":{"loc":{"start":{"line":168,"column":34},"end":{"line":170,"column":17}},"type":"cond-expr","locations":[{"start":{"line":169,"column":10},"end":{"line":169,"column":61}},{"start":{"line":170,"column":10},"end":{"line":170,"column":17}}],"line":168},"27":{"loc":{"start":{"line":178,"column":4},"end":{"line":178,"column":51}},"type":"if","locations":[{"start":{"line":178,"column":4},"end":{"line":178,"column":51}},{"start":{},"end":{}}],"line":178},"28":{"loc":{"start":{"line":178,"column":8},"end":{"line":178,"column":38}},"type":"binary-expr","locations":[{"start":{"line":178,"column":8},"end":{"line":178,"column":22}},{"start":{"line":178,"column":26},"end":{"line":178,"column":38}}],"line":178},"29":{"loc":{"start":{"line":186,"column":4},"end":{"line":186,"column":32}},"type":"if","locations":[{"start":{"line":186,"column":4},"end":{"line":186,"column":32}},{"start":{},"end":{}}],"line":186},"30":{"loc":{"start":{"line":200,"column":13},"end":{"line":200,"column":35}},"type":"binary-expr","locations":[{"start":{"line":200,"column":13},"end":{"line":200,"column":22}},{"start":{"line":200,"column":26},"end":{"line":200,"column":35}}],"line":200},"31":{"loc":{"start":{"line":208,"column":27},"end":{"line":208,"column":67}},"type":"cond-expr","locations":[{"start":{"line":208,"column":58},"end":{"line":208,"column":61}},{"start":{"line":208,"column":64},"end":{"line":208,"column":67}}],"line":208},"32":{"loc":{"start":{"line":378,"column":12},"end":{"line":378,"column":81}},"type":"cond-expr","locations":[{"start":{"line":378,"column":29},"end":{"line":378,"column":76}},{"start":{"line":378,"column":79},"end":{"line":378,"column":81}}],"line":378},"33":{"loc":{"start":{"line":382,"column":39},"end":{"line":382,"column":84}},"type":"cond-expr","locations":[{"start":{"line":382,"column":71},"end":{"line":382,"column":79}},{"start":{"line":382,"column":82},"end":{"line":382,"column":84}}],"line":382},"34":{"loc":{"start":{"line":383,"column":14},"end":{"line":383,"column":64}},"type":"cond-expr","locations":[{"start":{"line":383,"column":46},"end":{"line":383,"column":55}},{"start":{"line":383,"column":58},"end":{"line":383,"column":64}}],"line":383},"35":{"loc":{"start":{"line":403,"column":16},"end":{"line":405,"column":21}},"type":"cond-expr","locations":[{"start":{"line":404,"column":18},"end":{"line":404,"column":74}},{"start":{"line":405,"column":18},"end":{"line":405,"column":21}}],"line":403},"36":{"loc":{"start":{"line":411,"column":16},"end":{"line":413,"column":21}},"type":"cond-expr","locations":[{"start":{"line":412,"column":18},"end":{"line":412,"column":67}},{"start":{"line":413,"column":18},"end":{"line":413,"column":21}}],"line":411},"37":{"loc":{"start":{"line":420,"column":14},"end":{"line":422,"column":23}},"type":"cond-expr","locations":[{"start":{"line":421,"column":16},"end":{"line":421,"column":67}},{"start":{"line":422,"column":16},"end":{"line":422,"column":23}}],"line":420}},"s":{"0":0,"1":0,"2":0,"3":0,"4":0,"5":0,"6":0,"7":0,"8":0,"9":0,"10":0,"11":0,"12":0,"13":0,"14":0,"15":0,"16":0,"17":0,"18":0,"19":0,"20":0,"21":0,"22":0,"23":0,"24":0,"25":0,"26":0,"27":0,"28":0,"29":0,"30":0,"31":0,"32":0,"33":0,"34":0,"35":0,"36":0,"37":0,"38":0,"39":0,"40":0,"41":0,"42":0,"43":0,"44":0,"45":0,"46":0,"47":0,"48":0,"49":0,"50":0,"51":0,"52":0,"53":0,"54":0,"55":0,"56":0,"57":0,"58":0,"59":0,"60":0,"61":0,"62":0,"63":0,"64":0,"65":0,"66":0,"67":0,"68":0,"69":0,"70":0,"71":0,"72":0,"73":0,"74":0,"75":0,"76":0,"77":0,"78":0,"79":0,"80":0,"81":0,"82":0,"83":0,"84":0,"85":0,"86":0,"87":0,"88":0,"89":0},"f":{"0":0,"1":0,"2":0,"3":0,"4":0,"5":0,"6":0,"7":0,"8":0,"9":0,"10":0,"11":0,"12":0},"b":{"0":[0,0],"1":[0,0,0,0,0,0],"2":[0,0],"3":[0,0],"4":[0,0],"5":[0,0],"6":[0,0],"7":[0,0],"8":[0,0],"9":[0,0],"10":[0,0],"11":[0,0],"12":[0,0],"13":[0,0],"14":[0,0],"15":[0,0],"16":[0,0],"17":[0,0],"18":[0,0],"19":[0,0],"20":[0,0],"21":[0,0],"22":[0,0],"23":[0,0],"24":[0,0],"25":[0,0],"26":[0,0],"27":[0,0],"28":[0,0],"29":[0,0],"30":[0,0],"31":[0,0],"32":[0,0],"33":[0,0],"34":[0,0],"35":[0,0],"36":[0,0],"37":[0,0]},"_coverageSchema":"1a1c01bbd47fc00a2c39e90264f33305004495a9","hash":"ed0621cec5e46659995038b01460849ff9ca052a"}
,"/Users/lisasimon/repos/IoTSphereAngular/IoTSphere-Refactor/src/micro-frontends/water-heaters/device-details/components/device-controls.js": {"path":"/Users/lisasimon/repos/IoTSphereAngular/IoTSphere-Refactor/src/micro-frontends/water-heaters/device-details/components/device-controls.js","statementMap":{"0":{"start":{"line":9,"column":4},"end":{"line":9,"column":12}},"1":{"start":{"line":10,"column":4},"end":{"line":10,"column":40}},"2":{"start":{"line":13,"column":4},"end":{"line":13,"column":23}},"3":{"start":{"line":14,"column":4},"end":{"line":14,"column":30}},"4":{"start":{"line":15,"column":4},"end":{"line":15,"column":38}},"5":{"start":{"line":18,"column":4},"end":{"line":18,"column":34}},"6":{"start":{"line":19,"column":4},"end":{"line":19,"column":28}},"7":{"start":{"line":20,"column":4},"end":{"line":20,"column":30}},"8":{"start":{"line":23,"column":4},"end":{"line":23,"column":27}},"9":{"start":{"line":30,"column":4},"end":{"line":30,"column":25}},"10":{"start":{"line":31,"column":4},"end":{"line":31,"column":39}},"11":{"start":{"line":32,"column":4},"end":{"line":32,"column":55}},"12":{"start":{"line":35,"column":4},"end":{"line":35,"column":70}},"13":{"start":{"line":37,"column":4},"end":{"line":37,"column":18}},"14":{"start":{"line":44,"column":4},"end":{"line":46,"column":5}},"15":{"start":{"line":45,"column":6},"end":{"line":45,"column":20}},"16":{"start":{"line":53,"column":28},"end":{"line":53,"column":76}},"17":{"start":{"line":54,"column":27},"end":{"line":54,"column":74}},"18":{"start":{"line":56,"column":4},"end":{"line":56,"column":32}},"19":{"start":{"line":59,"column":4},"end":{"line":65,"column":5}},"20":{"start":{"line":60,"column":6},"end":{"line":60,"column":36}},"21":{"start":{"line":61,"column":6},"end":{"line":61,"column":32}},"22":{"start":{"line":62,"column":11},"end":{"line":65,"column":5}},"23":{"start":{"line":63,"column":6},"end":{"line":63,"column":37}},"24":{"start":{"line":64,"column":6},"end":{"line":64,"column":76}},"25":{"start":{"line":67,"column":4},"end":{"line":67,"column":18}},"26":{"start":{"line":74,"column":4},"end":{"line":74,"column":29}},"27":{"start":{"line":74,"column":22},"end":{"line":74,"column":29}},"28":{"start":{"line":77,"column":19},"end":{"line":323,"column":5}},"29":{"start":{"line":326,"column":21},"end":{"line":437,"column":5}},"30":{"start":{"line":440,"column":4},"end":{"line":440,"column":70}},"31":{"start":{"line":443,"column":4},"end":{"line":443,"column":29}},"32":{"start":{"line":451,"column":32},"end":{"line":451,"column":87}},"33":{"start":{"line":452,"column":4},"end":{"line":464,"column":5}},"34":{"start":{"line":453,"column":6},"end":{"line":459,"column":9}},"35":{"start":{"line":455,"column":29},"end":{"line":455,"column":91}},"36":{"start":{"line":456,"column":8},"end":{"line":458,"column":9}},"37":{"start":{"line":457,"column":10},"end":{"line":457,"column":59}},"38":{"start":{"line":461,"column":6},"end":{"line":463,"column":9}},"39":{"start":{"line":462,"column":8},"end":{"line":462,"column":85}},"40":{"start":{"line":467,"column":24},"end":{"line":467,"column":70}},"41":{"start":{"line":468,"column":4},"end":{"line":476,"column":5}},"42":{"start":{"line":469,"column":6},"end":{"line":475,"column":9}},"43":{"start":{"line":470,"column":24},"end":{"line":470,"column":38}},"44":{"start":{"line":471,"column":8},"end":{"line":471,"column":50}},"45":{"start":{"line":474,"column":8},"end":{"line":474,"column":22}},"46":{"start":{"line":479,"column":28},"end":{"line":479,"column":78}},"47":{"start":{"line":480,"column":4},"end":{"line":484,"column":5}},"48":{"start":{"line":481,"column":6},"end":{"line":483,"column":9}},"49":{"start":{"line":482,"column":8},"end":{"line":482,"column":70}},"50":{"start":{"line":487,"column":32},"end":{"line":487,"column":87}},"51":{"start":{"line":488,"column":4},"end":{"line":492,"column":5}},"52":{"start":{"line":489,"column":6},"end":{"line":491,"column":9}},"53":{"start":{"line":490,"column":8},"end":{"line":490,"column":70}},"54":{"start":{"line":495,"column":35},"end":{"line":495,"column":93}},"55":{"start":{"line":496,"column":4},"end":{"line":500,"column":5}},"56":{"start":{"line":497,"column":6},"end":{"line":499,"column":9}},"57":{"start":{"line":498,"column":8},"end":{"line":498,"column":32}},"58":{"start":{"line":503,"column":32},"end":{"line":503,"column":87}},"59":{"start":{"line":504,"column":4},"end":{"line":509,"column":5}},"60":{"start":{"line":505,"column":6},"end":{"line":508,"column":9}},"61":{"start":{"line":506,"column":29},"end":{"line":506,"column":78}},"62":{"start":{"line":507,"column":8},"end":{"line":507,"column":66}},"63":{"start":{"line":516,"column":4},"end":{"line":516,"column":63}},"64":{"start":{"line":516,"column":56},"end":{"line":516,"column":63}},"65":{"start":{"line":519,"column":4},"end":{"line":521,"column":5}},"66":{"start":{"line":520,"column":6},"end":{"line":520,"column":51}},"67":{"start":{"line":524,"column":4},"end":{"line":559,"column":12}},"68":{"start":{"line":525,"column":6},"end":{"line":558,"column":7}},"69":{"start":{"line":526,"column":8},"end":{"line":526,"column":31}},"70":{"start":{"line":527,"column":8},"end":{"line":527,"column":22}},"71":{"start":{"line":530,"column":27},"end":{"line":534,"column":9}},"72":{"start":{"line":537,"column":30},"end":{"line":540,"column":9}},"73":{"start":{"line":543,"column":8},"end":{"line":543,"column":41}},"74":{"start":{"line":546,"column":8},"end":{"line":548,"column":9}},"75":{"start":{"line":547,"column":10},"end":{"line":547,"column":57}},"76":{"start":{"line":550,"column":8},"end":{"line":550,"column":32}},"77":{"start":{"line":551,"column":8},"end":{"line":551,"column":34}},"78":{"start":{"line":552,"column":8},"end":{"line":552,"column":22}},"79":{"start":{"line":554,"column":8},"end":{"line":554,"column":63}},"80":{"start":{"line":555,"column":8},"end":{"line":555,"column":32}},"81":{"start":{"line":556,"column":8},"end":{"line":556,"column":100}},"82":{"start":{"line":557,"column":8},"end":{"line":557,"column":22}},"83":{"start":{"line":566,"column":4},"end":{"line":566,"column":63}},"84":{"start":{"line":566,"column":56},"end":{"line":566,"column":63}},"85":{"start":{"line":568,"column":32},"end":{"line":568,"column":87}},"86":{"start":{"line":569,"column":4},"end":{"line":569,"column":37}},"87":{"start":{"line":569,"column":30},"end":{"line":569,"column":37}},"88":{"start":{"line":571,"column":23},"end":{"line":571,"column":48}},"89":{"start":{"line":572,"column":4},"end":{"line":576,"column":5}},"90":{"start":{"line":573,"column":6},"end":{"line":573,"column":57}},"91":{"start":{"line":574,"column":6},"end":{"line":574,"column":20}},"92":{"start":{"line":575,"column":6},"end":{"line":575,"column":13}},"93":{"start":{"line":578,"column":4},"end":{"line":615,"column":5}},"94":{"start":{"line":579,"column":6},"end":{"line":579,"column":29}},"95":{"start":{"line":580,"column":6},"end":{"line":580,"column":20}},"96":{"start":{"line":583,"column":25},"end":{"line":588,"column":7}},"97":{"start":{"line":591,"column":28},"end":{"line":594,"column":7}},"98":{"start":{"line":597,"column":6},"end":{"line":597,"column":39}},"99":{"start":{"line":600,"column":6},"end":{"line":605,"column":7}},"100":{"start":{"line":601,"column":8},"end":{"line":604,"column":11}},"101":{"start":{"line":607,"column":6},"end":{"line":607,"column":30}},"102":{"start":{"line":608,"column":6},"end":{"line":608,"column":32}},"103":{"start":{"line":609,"column":6},"end":{"line":609,"column":20}},"104":{"start":{"line":611,"column":6},"end":{"line":611,"column":62}},"105":{"start":{"line":612,"column":6},"end":{"line":612,"column":30}},"106":{"start":{"line":613,"column":6},"end":{"line":613,"column":99}},"107":{"start":{"line":614,"column":6},"end":{"line":614,"column":20}},"108":{"start":{"line":622,"column":4},"end":{"line":629,"column":6}},"109":{"start":{"line":636,"column":4},"end":{"line":641,"column":6}},"110":{"start":{"line":648,"column":4},"end":{"line":648,"column":64}},"111":{"start":{"line":648,"column":44},"end":{"line":648,"column":64}},"112":{"start":{"line":649,"column":4},"end":{"line":649,"column":88}},"113":{"start":{"line":656,"column":4},"end":{"line":656,"column":33}},"114":{"start":{"line":656,"column":15},"end":{"line":656,"column":33}},"115":{"start":{"line":659,"column":4},"end":{"line":671,"column":5}},"116":{"start":{"line":661,"column":8},"end":{"line":661,"column":26}},"117":{"start":{"line":663,"column":8},"end":{"line":663,"column":21}},"118":{"start":{"line":665,"column":8},"end":{"line":665,"column":26}},"119":{"start":{"line":667,"column":8},"end":{"line":667,"column":29}},"120":{"start":{"line":670,"column":8},"end":{"line":670,"column":60}},"121":{"start":{"line":678,"column":18},"end":{"line":678,"column":28}},"122":{"start":{"line":679,"column":4},"end":{"line":679,"column":45}},"123":{"start":{"line":686,"column":21},"end":{"line":686,"column":31}},"124":{"start":{"line":687,"column":4},"end":{"line":687,"column":45}},"125":{"start":{"line":688,"column":4},"end":{"line":688,"column":48}}},"fnMap":{"0":{"name":"(anonymous_0)","decl":{"start":{"line":8,"column":2},"end":{"line":8,"column":3}},"loc":{"start":{"line":8,"column":16},"end":{"line":24,"column":3}},"line":8},"1":{"name":"(anonymous_1)","decl":{"start":{"line":29,"column":2},"end":{"line":29,"column":3}},"loc":{"start":{"line":29,"column":63},"end":{"line":38,"column":3}},"line":29},"2":{"name":"(anonymous_2)","decl":{"start":{"line":43,"column":2},"end":{"line":43,"column":3}},"loc":{"start":{"line":43,"column":22},"end":{"line":47,"column":3}},"line":43},"3":{"name":"(anonymous_3)","decl":{"start":{"line":52,"column":2},"end":{"line":52,"column":3}},"loc":{"start":{"line":52,"column":30},"end":{"line":68,"column":3}},"line":52},"4":{"name":"(anonymous_4)","decl":{"start":{"line":73,"column":2},"end":{"line":73,"column":3}},"loc":{"start":{"line":73,"column":11},"end":{"line":444,"column":3}},"line":73},"5":{"name":"(anonymous_5)","decl":{"start":{"line":449,"column":2},"end":{"line":449,"column":3}},"loc":{"start":{"line":449,"column":22},"end":{"line":510,"column":3}},"line":449},"6":{"name":"(anonymous_6)","decl":{"start":{"line":453,"column":52},"end":{"line":453,"column":53}},"loc":{"start":{"line":453,"column":59},"end":{"line":459,"column":7}},"line":453},"7":{"name":"(anonymous_7)","decl":{"start":{"line":461,"column":53},"end":{"line":461,"column":54}},"loc":{"start":{"line":461,"column":60},"end":{"line":463,"column":7}},"line":461},"8":{"name":"(anonymous_8)","decl":{"start":{"line":469,"column":45},"end":{"line":469,"column":46}},"loc":{"start":{"line":469,"column":52},"end":{"line":475,"column":7}},"line":469},"9":{"name":"(anonymous_9)","decl":{"start":{"line":481,"column":49},"end":{"line":481,"column":50}},"loc":{"start":{"line":481,"column":56},"end":{"line":483,"column":7}},"line":481},"10":{"name":"(anonymous_10)","decl":{"start":{"line":489,"column":53},"end":{"line":489,"column":54}},"loc":{"start":{"line":489,"column":60},"end":{"line":491,"column":7}},"line":489},"11":{"name":"(anonymous_11)","decl":{"start":{"line":497,"column":55},"end":{"line":497,"column":56}},"loc":{"start":{"line":497,"column":61},"end":{"line":499,"column":7}},"line":497},"12":{"name":"(anonymous_12)","decl":{"start":{"line":505,"column":52},"end":{"line":505,"column":53}},"loc":{"start":{"line":505,"column":58},"end":{"line":508,"column":7}},"line":505},"13":{"name":"(anonymous_13)","decl":{"start":{"line":515,"column":2},"end":{"line":515,"column":3}},"loc":{"start":{"line":515,"column":42},"end":{"line":560,"column":3}},"line":515},"14":{"name":"(anonymous_14)","decl":{"start":{"line":524,"column":48},"end":{"line":524,"column":49}},"loc":{"start":{"line":524,"column":60},"end":{"line":559,"column":5}},"line":524},"15":{"name":"(anonymous_15)","decl":{"start":{"line":565,"column":2},"end":{"line":565,"column":3}},"loc":{"start":{"line":565,"column":27},"end":{"line":616,"column":3}},"line":565},"16":{"name":"(anonymous_16)","decl":{"start":{"line":621,"column":2},"end":{"line":621,"column":3}},"loc":{"start":{"line":621,"column":26},"end":{"line":630,"column":3}},"line":621},"17":{"name":"(anonymous_17)","decl":{"start":{"line":635,"column":2},"end":{"line":635,"column":3}},"loc":{"start":{"line":635,"column":28},"end":{"line":642,"column":3}},"line":635},"18":{"name":"(anonymous_18)","decl":{"start":{"line":647,"column":2},"end":{"line":647,"column":3}},"loc":{"start":{"line":647,"column":41},"end":{"line":650,"column":3}},"line":647},"19":{"name":"(anonymous_19)","decl":{"start":{"line":655,"column":2},"end":{"line":655,"column":3}},"loc":{"start":{"line":655,"column":19},"end":{"line":672,"column":3}},"line":655},"20":{"name":"(anonymous_20)","decl":{"start":{"l
[...]
6},"end":{"line":525,"column":76}},{"start":{"line":525,"column":79},"end":{"line":525,"column":82}}],"line":524},"40":{"loc":{"start":{"line":532,"column":16},"end":{"line":533,"column":75}},"type":"cond-expr","locations":[{"start":{"line":533,"column":16},"end":{"line":533,"column":69}},{"start":{"line":533,"column":72},"end":{"line":533,"column":75}}],"line":532},"41":{"loc":{"start":{"line":540,"column":16},"end":{"line":541,"column":82}},"type":"cond-expr","locations":[{"start":{"line":541,"column":16},"end":{"line":541,"column":76}},{"start":{"line":541,"column":79},"end":{"line":541,"column":82}}],"line":540},"42":{"loc":{"start":{"line":548,"column":16},"end":{"line":549,"column":75}},"type":"cond-expr","locations":[{"start":{"line":549,"column":16},"end":{"line":549,"column":69}},{"start":{"line":549,"column":72},"end":{"line":549,"column":75}}],"line":548},"43":{"loc":{"start":{"line":565,"column":4},"end":{"line":567,"column":5}},"type":"if","locations":[{"start":{"line":565,"column":4},"end":{"line":567,"column":5}},{"start":{},"end":{}}],"line":565},"44":{"loc":{"start":{"line":571,"column":4},"end":{"line":575,"column":5}},"type":"if","locations":[{"start":{"line":571,"column":4},"end":{"line":575,"column":5}},{"start":{},"end":{}}],"line":571},"45":{"loc":{"start":{"line":617,"column":27},"end":{"line":617,"column":67}},"type":"cond-expr","locations":[{"start":{"line":617,"column":58},"end":{"line":617,"column":61}},{"start":{"line":617,"column":64},"end":{"line":617,"column":67}}],"line":617},"46":{"loc":{"start":{"line":625,"column":4},"end":{"line":625,"column":51}},"type":"if","locations":[{"start":{"line":625,"column":4},"end":{"line":625,"column":51}},{"start":{},"end":{}}],"line":625},"47":{"loc":{"start":{"line":625,"column":8},"end":{"line":625,"column":38}},"type":"binary-expr","locations":[{"start":{"line":625,"column":8},"end":{"line":625,"column":22}},{"start":{"line":625,"column":26},"end":{"line":625,"column":38}}],"line":625},"48":{"loc":{"start":{"line":629,"column":4},"end":{"line":633,"column":5}},"type":"if","locations":[{"start":{"line":629,"column":4},"end":{"line":633,"column":5}},{"start":{"line":631,"column":11},"end":{"line":633,"column":5}}],"line":629},"49":{"loc":{"start":{"line":629,"column":8},"end":{"line":629,"column":77}},"type":"binary-expr","locations":[{"start":{"line":629,"column":8},"end":{"line":629,"column":36}},{"start":{"line":629,"column":40},"end":{"line":629,"column":77}}],"line":629},"50":{"loc":{"start":{"line":631,"column":11},"end":{"line":633,"column":5}},"type":"if","locations":[{"start":{"line":631,"column":11},"end":{"line":633,"column":5}},{"start":{},"end":{}}],"line":631},"51":{"loc":{"start":{"line":631,"column":15},"end":{"line":631,"column":84}},"type":"binary-expr","locations":[{"start":{"line":631,"column":15},"end":{"line":631,"column":43}},{"start":{"line":631,"column":47},"end":{"line":631,"column":84}}],"line":631},"52":{"loc":{"start":{"line":642,"column":4},"end":{"line":642,"column":32}},"type":"if","locations":[{"start":{"line":642,"column":4},"end":{"line":642,"column":32}},{"start":{},"end":{}}],"line":642},"53":{"loc":{"start":{"line":652,"column":4},"end":{"line":652,"column":35}},"type":"if","locations":[{"start":{"line":652,"column":4},"end":{"line":652,"column":35}},{"start":{},"end":{}}],"line":652}},"s":{"0":0,"1":0,"2":0,"3":0,"4":0,"5":0,"6":0,"7":0,"8":0,"9":0,"10":0,"11":0,"12":0,"13":0,"14":0,"15":0,"16":0,"17":0,"18":0,"19":0,"20":0,"21":0,"22":0,"23":0,"24":0,"25":0,"26":0,"27":0,"28":0,"29":0,"30":0,"31":0,"32":0,"33":0,"34":0,"35":0,"36":0,"37":0,"38":0,"39":0,"40":0,"41":0,"42":0,"43":0,"44":0,"45":0,"46":0,"47":0,"48":0,"49":0,"50":0,"51":0,"52":0,"53":0,"54":0,"55":0,"56":0,"57":0,"58":0,"59":0,"60":0,"61":0,"62":0,"63":0,"64":0,"65":0,"66":0,"67":0,"68":0,"69":0,"70":0,"71":0,"72":0,"73":0,"74":0,"75":0,"76":0,"77":0,"78":0,"79":0,"80":0,"81":0,"82":0,"83":0,"84":0,"85":0,"86":0,"87":0,"88":0,"89":0,"90":0,"91":0,"92":0,"93":0,"94":0,"95":0,"96":0,"97":0,"98":0,"99":0,"100":0,"101":0,"102":0,"103":0,"104":0,"105":0,"106":0,"107":0,"108":0,"109":0,"110":0,"111":0,"112":0,"113":0,"114":0,"115":0,"116":0,"117":0,"118":0,"119":0,"120":0,"121":0,"122":0,"123":0,"124":0,"125":0,"126":0,"127":0,"128":0,"129":0,"130":0,"131":0,"132":0,"133":0},"f":{"0":0,"1":0,"2":0,"3":0,"4":0,"5":0,"6":0,"7":0,"8":0,"9":0,"10":0,"11":0,"12":0,"13":0,"14":0,"15":0,"16":0,"17":0,"18":0,"19":0,"20":0},"b":{"0":[0,0],"1":[0,0],"2":[0,0],"3":[0,0],"4":[0,0],"5":[0,0],"6":[0,0],"7":[0,0],"8":[0,0],"9":[0,0],"10":[0,0],"11":[0,0],"12":[0,0],"13":[0,0],"14":[0,0],"15":[0,0],"16":[0,0],"17":[0,0],"18":[0,0],"19":[0,0],"20":[0,0],"21":[0,0],"22":[0,0],"23":[0,0],"24":[0,0],"25":[0,0],"26":[0,0],"27":[0,0],"28":[0,0],"29":[0,0],"30":[0,0],"31":[0,0],"32":[0,0],"33":[0,0],"34":[0,0],"35":[0,0],"36":[0,0],"37":[0,0],"38":[0,0],"39":[0,0],"40":[0,0],"41":[0,0],"42":[0,0],"43":[0,0],"44":[0,0],"45":[0,0],"46":[0,0],"47":[0,0],"48":[0,0],"49":[0,0],"50":[0,0],"51":[0,0],"52":[0,0],"53":[0,0]},"_coverageSchema":"1a1c01bbd47fc00a2c39e90264f33305004495a9","hash":"5809ac02d7a89ee7455c7212c70316fe1c6df104"}
,"/Users/lisasimon/repos/IoTSphereAngular/IoTSphere-Refactor/src/tests/frontend/water-heater/water_heater_predictions_mock.js": {"path":"/Users/lisasimon/repos/IoTSphereAngular/IoTSphere-Refactor/src/tests/frontend/water-heater/water_heater_predictions_mock.js","statementMap":{"0":{"start":{"line":7,"column":0},"end":{"line":80,"column":2}},"1":{"start":{"line":9,"column":4},"end":{"line":9,"column":58}},"2":{"start":{"line":10,"column":4},"end":{"line":10,"column":29}},"3":{"start":{"line":13,"column":4},"end":{"line":13,"column":34}},"4":{"start":{"line":14,"column":4},"end":{"line":14,"column":33}},"5":{"start":{"line":15,"column":4},"end":{"line":15,"column":31}},"6":{"start":{"line":16,"column":4},"end":{"line":16,"column":37}},"7":{"start":{"line":19,"column":4},"end":{"line":19,"column":35}},"8":{"start":{"line":20,"column":4},"end":{"line":20,"column":33}},"9":{"start":{"line":21,"column":4},"end":{"line":21,"column":30}},"10":{"start":{"line":22,"column":4},"end":{"line":22,"column":28}},"11":{"start":{"line":25,"column":4},"end":{"line":25,"column":33}},"12":{"start":{"line":28,"column":4},"end":{"line":28,"column":96}},"13":{"start":{"line":31,"column":4},"end":{"line":31,"column":26}},"14":{"start":{"line":35,"column":4},"end":{"line":35,"column":57}},"15":{"start":{"line":36,"column":4},"end":{"line":36,"column":31}},"16":{"start":{"line":39,"column":4},"end":{"line":44,"column":13}},"17":{"start":{"line":40,"column":6},"end":{"line":43,"column":7}},"18":{"start":{"line":41,"column":8},"end":{"line":41,"column":78}},"19":{"start":{"line":42,"column":8},"end":{"line":42,"column":35}},"20":{"start":{"line":48,"column":4},"end":{"line":48,"column":78}},"21":{"start":{"line":51,"column":22},"end":{"line":51,"column":42}},"22":{"start":{"line":54,"column":4},"end":{"line":78,"column":9}},"23":{"start":{"line":56,"column":8},"end":{"line":58,"column":9}},"24":{"start":{"line":57,"column":10},"end":{"line":57,"column":68}},"25":{"start":{"line":59,"column":8},"end":{"line":59,"column":31}},"26":{"start":{"line":62,"column":8},"end":{"line":62,"column":59}},"27":{"start":{"line":65,"column":8},"end":{"line":65,"column":36}},"28":{"start":{"line":68,"column":8},"end":{"line":68,"column":89}},"29":{"start":{"line":68,"column":38},"end":{"line":68,"column":89}},"30":{"start":{"line":69,"column":8},"end":{"line":69,"column":83}},"31":{"start":{"line":69,"column":36},"end":{"line":69,"column":83}},"32":{"start":{"line":70,"column":8},"end":{"line":70,"column":74}},"33":{"start":{"line":70,"column":33},"end":{"line":70,"column":74}},"34":{"start":{"line":71,"column":8},"end":{"line":71,"column":68}},"35":{"start":{"line":71,"column":31},"end":{"line":71,"column":68}},"36":{"start":{"line":73,"column":8},"end":{"line":73,"column":20}},"37":{"start":{"line":76,"column":8},"end":{"line":76,"column":63}},"38":{"start":{"line":77,"column":8},"end":{"line":77,"column":20}}},"fnMap":{"0":{"name":"(anonymous_0)","decl":{"start":{"line":8,"column":2},"end":{"line":8,"column":3}},"loc":{"start":{"line":8,"column":37},"end":{"line":32,"column":3}},"line":8},"1":{"name":"(anonymous_1)","decl":{"start":{"line":34,"column":2},"end":{"line":34,"column":3}},"loc":{"start":{"line":34,"column":19},"end":{"line":45,"column":3}},"line":34},"2":{"name":"(anonymous_2)","decl":{"start":{"line":39,"column":15},"end":{"line":39,"column":16}},"loc":{"start":{"line":39,"column":21},"end":{"line":44,"column":5}},"line":39},"3":{"name":"(anonymous_3)","decl":{"start":{"line":47,"column":2},"end":{"line":47,"column":3}},"loc":{"start":{"line":47,"column":24},"end":{"line":79,"column":3}},"line":47},"4":{"name":"(anonymous_4)","decl":{"start":{"line":55,"column":12},"end":{"line":55,"column":13}},"loc":{"start":{"line":55,"column":24},"end":{"line":60,"column":7}},"line":55},"5":{"name":"(anonymous_5)","decl":{"start":{"line":61,"column":12},"end":{"line":61,"column":13}},"loc":{"start":{"line":61,"column":20},"end":{"line":74,"column":7}},"line":61},"6":{"name":"(anonymous_6)","decl":{"start":{"line":75,"column":13},"end":{"line":75,"column":14}},"loc":{"start":{"line":75,"column":22},"end":{"line":78,"column":7}},"line":75}},"branchMap":{"0":{"loc":{"start":{"line":40,"column":6},"end":{"line":43,"column":7}},"type":"if","locations":[{"start":{"line":40,"column":6},"end":{"line":43,"column":7}},{"start":{},"end":{}}],"line":40},"1":{"loc":{"start":{"line":56,"column":8},"end":{"line":58,"column":9}},"type":"if","locations":[{"start":{"line":56,"column":8},"end":{"line":58,"column":9}},{"start":{},"end":{}}],"line":56},"2":{"loc":{"start":{"line":68,"column":8},"end":{"line":68,"column":89}},"type":"if","locations":[{"start":{"line":68,"column":8},"end":{"line":68,"column":89}},{"start":{},"end":{}}],"line":68},"3":{"loc":{"start":{"line":69,"column":8},"end":{"line":69,"column":83}},"type":"if","locations":[{"start":{"line":69,"column":8},"end":{"line":69,"column":83}},{"start":{},"end":{}}],"line":69},"4":{"loc":{"start":{"line":70,"column":8},"end":{"line":70,"column":74}},"type":"if","locations":[{"start":{"line":70,"column":8},"end":{"line":70,"column":74}},{"start":{},"end":{}}],"line":70},"5":{"loc":{"start":{"line":71,"column":8},"end":{"line":71,"column":68}},"type":"if","locations":[{"start":{"line":71,"column":8},"end":{"line":71,"column":68}},{"start":{},"end":{}}],"line":71}},"s":{"0":1,"1":3,"2":3,"3":3,"4":3,"5":3,"6":3,"7":3,"8":3,"9":3,"10":3,"11":3,"12":3,"13":3,"14":3,"15":3,"16":3,"17":3,"18":1,"19":1,"20":4,"21":4,"22":4,"23":3,"24":0,"25":3,"26":3,"27":3,"28":3,"29":3,"30":3,"31":2,"32":3,"33":2,"34":3,"35":2,"36":3,"37":1,"38":1},"f":{"0":3,"1":3,"2":3,"3":4,"4":3,"5":3,"6":1},"b":{"0":[1,2],"1":[0,3],"2":[3,0],"3":[2,1],"4":[2,1],"5":[2,1]},"_coverageSchema":"1a1c01bbd47fc00a2c39e90264f33305004495a9","hash":"fbf617ec6cdf4e1a4ccb94c990d8cfdc69c361f3"}
,"/Users/lisasimon/repos/IoTSphereAngular/IoTSphere-Refactor/tests/unit/mocks/web-components.js": {"path":"/Users/lisasimon/repos/IoTSphereAngular/IoTSphere-Refactor/tests/unit/mocks/web-components.js","statementMap":{"0":{"start":{"line":13,"column":2},"end":{"line":57,"column":3}},"1":{"start":{"line":15,"column":27},"end":{"line":15,"column":52}},"2":{"start":{"line":18,"column":22},"end":{"line":18,"column":49}},"3":{"start":{"line":19,"column":23},"end":{"line":19,"column":25}},"4":{"start":{"line":22,"column":4},"end":{"line":51,"column":5}},"5":{"start":{"line":23,"column":23},"end":{"line":23,"column":31}},"6":{"start":{"line":24,"column":27},"end":{"line":24,"column":42}},"7":{"start":{"line":27,"column":6},"end":{"line":27,"column":46}},"8":{"start":{"line":27,"column":37},"end":{"line":27,"column":46}},"9":{"start":{"line":30,"column":6},"end":{"line":50,"column":7}},"10":{"start":{"line":32,"column":8},"end":{"line":47,"column":9}},"11":{"start":{"line":33,"column":10},"end":{"line":33,"column":38}},"12":{"start":{"line":34,"column":15},"end":{"line":47,"column":9}},"13":{"start":{"line":35,"column":10},"end":{"line":35,"column":38}},"14":{"start":{"line":36,"column":15},"end":{"line":47,"column":9}},"15":{"start":{"line":37,"column":10},"end":{"line":37,"column":39}},"16":{"start":{"line":38,"column":15},"end":{"line":47,"column":9}},"17":{"start":{"line":39,"column":10},"end":{"line":39,"column":36}},"18":{"start":{"line":40,"column":15},"end":{"line":47,"column":9}},"19":{"start":{"line":41,"column":10},"end":{"line":41,"column":36}},"20":{"start":{"line":42,"column":15},"end":{"line":47,"column":9}},"21":{"start":{"line":43,"column":10},"end":{"line":43,"column":54}},"22":{"start":{"line":46,"column":10},"end":{"line":46,"column":43}},"23":{"start":{"line":49,"column":8},"end":{"line":49,"column":41}},"24":{"start":{"line":53,"column":4},"end":{"line":53,"column":22}},"25":{"start":{"line":55,"column":4},"end":{"line":55,"column":64}},"26":{"start":{"line":56,"column":4},"end":{"line":56,"column":14}},"27":{"start":{"line":67,"column":6},"end":{"line":71,"column":8}},"28":{"start":{"line":74,"column":6},"end":{"line":74,"column":36}},"29":{"start":{"line":75,"column":6},"end":{"line":75,"column":36}},"30":{"start":{"line":76,"column":6},"end":{"line":76,"column":40}},"31":{"start":{"line":77,"column":6},"end":{"line":77,"column":43}},"32":{"start":{"line":78,"column":6},"end":{"line":78,"column":37}},"33":{"start":{"line":79,"column":6},"end":{"line":84,"column":8}},"34":{"start":{"line":87,"column":27},"end":{"line":87,"column":67}},"35":{"start":{"line":88,"column":6},"end":{"line":88,"column":40}},"36":{"start":{"line":92,"column":28},"end":{"line":92,"column":52}},"37":{"start":{"line":93,"column":6},"end":{"line":101,"column":9}},"38":{"start":{"line":95,"column":8},"end":{"line":95,"column":43}},"39":{"start":{"line":95,"column":36},"end":{"line":95,"column":43}},"40":{"start":{"line":98,"column":8},"end":{"line":100,"column":9}},"41":{"start":{"line":99,"column":10},"end":{"line":99,"column":54}},"42":{"start":{"line":106,"column":6},"end":{"line":106,"column":29}},"43":{"start":{"line":116,"column":2},"end":{"line":116,"column":26}},"44":{"start":{"line":121,"column":27},"end":{"line":121,"column":64}},"45":{"start":{"line":122,"column":19},"end":{"line":122,"column":41}},"46":{"start":{"line":125,"column":2},"end":{"line":136,"column":3}},"47":{"start":{"line":127,"column":4},"end":{"line":127,"column":27}},"48":{"start":{"line":128,"column":4},"end":{"line":128,"column":29}},"49":{"start":{"line":129,"column":4},"end":{"line":129,"column":25}},"50":{"start":{"line":130,"column":4},"end":{"line":130,"column":30}},"51":{"start":{"line":131,"column":4},"end":{"line":131,"column":26}},"52":{"start":{"line":132,"column":4},"end":{"line":132,"column":32}},"53":{"start":{"line":133,"column":4},"end":{"line":133,"column":29}},"54":{"start":{"line":134,"column":4},"end":{"line":134,"column":32}},"55":{"start":{"line":135,"column":4},"end":{"line":135,"column":28}},"56":{"start":{"line":138,"column":2},"end":{"line":138,"column":18}}},"fnMap":{"0":{"name":"extractDefaultProperties","decl":{"start":{"line":12,"column":9},"end":{"line":12,"column":33}},"loc":{"start":{"line":12,"column":50},"end":{"line":58,"column":1}},"line":12},"1":{"name":"patchHTMLElementClass","decl":{"start":{"line":61,"column":16},"end":{"line":61,"column":37}},"loc":{"start":{"line":61,"column":54},"end":{"line":117,"column":1}},"line":61},"2":{"name":"(anonymous_2)","decl":{"start":{"line":65,"column":4},"end":{"line":65,"column":5}},"loc":{"start":{"line":65,"column":18},"end":{"line":102,"column":5}},"line":65},"3":{"name":"(anonymous_3)","decl":{"start":{"line":93,"column":56},"end":{"line":93,"column":57}},"loc":{"start":{"line":93,"column":64},"end":{"line":101,"column":7}},"line":93},"4":{"name":"(anonymous_4)","decl":{"start":{"line":105,"column":4},"end":{"line":105,"column":5}},"loc":{"start":{"line":105,"column":19},"end":{"line":107,"column":5}},"line":105},"5":{"name":"(anonymous_5)","decl":{"start":{"line":110,"column":4},"end":{"line":110,"column":5}},"loc":{"start":{"line":110,"column":24},"end":{"line":110,"column":26}},"line":110},"6":{"name":"(anonymous_6)","decl":{"start":{"line":111,"column":4},"end":{"line":111,"column":5}},"loc":{"start":{"line":111,"column":27},"end":{"line":111,"column":29}},"line":111},"7":{"name":"(anonymous_7)","decl":{"start":{"line":112,"column":4},"end":{"line":112,"column":5}},"loc":{"start":{"line":112,"column":31},"end":{"line":112,"column":33}},"line":112},"8":{"name":"(anonymous_8)","decl":{"start":{"line":113,"column":4},"end":{"line":113,"column":5}},"loc":{"start":{"line":113,"column":22},"end":{"line":113,"column":24}},"line":113},"9":{"name":"createPatchedComponent","decl":{"start":{"line":120,"column":16},"end":{"line":120,"column":38}},"loc":{"start":{"line":120,"column":55},"end":{"line":139,"column":1}},"line":120}},"branchMap":{"0":{"loc":{"start":{"line":27,"column":6},"end":{"line":27,"column":46}},"type":"if","locations":[{"start":{"line":27,"column":6},"end":{"line":27,"column":46}},{"start":{},"end":{}}],"line":27},"1":{"loc":{"start":{"line":32,"column":8},"end":{"line":47,"column":9}},"type":"if","locations":[{"start":{"line":32,"column":8},"end":{"line":47,"column":9}},{"start":{"line":34,"column":15},"end":{"line":47,"column":9}}],"line":32},"2":{"loc":{"start":{"line":34,"column":15},"end":{"line":47,"column":9}},"type":"if","locations":[{"start":{"line":34,"column":15},"end":{"line":47,"column":9}},{"start":{"line":36,"column":15},"end":{"line":47,"column":9}}],"line":34},"3":{"loc":{"start":{"line":36,"column":15},"end":{"line":47,"column":9}},"type":"if","locations":[{"start":{"line":36,"column":15},"end":{"line":47,"column":9}},{"start":{"line":38,"column":15},"end":{"line":47,"column":9}}],"line":36},"4":{"loc":{"start":{"line":38,"column":15},"end":{"line":47,"column":9}},"type":"if","locations":[{"start":{"line":38,"column":15},"end":{"line":47,"column":9}},{"start":{"line":40,"column":15},"end":{"line":47,"column":9}}],"line":38},"5":{"loc":{"start":{"line":40,"column":15},"end":{"line":47,"column":9}},"type":"if","locations":[{"start":{"line":40,"column":15},"end":{"line":47,"column":9}},{"start":{"line":42,"column":15},"end":{"line":47,"column":9}}],"line":40},"6":{"loc":{"start":{"line":42,"column":15},"end":{"line":47,"column":9}},"type":"if","locations":[{"start":{"line":42,"column":15},"end":{"line":47,"column":9}},{"start":{"line":44,"column":15},"end":{"line":47,"column":9}}],"line":42},"7":{"loc":{"start":{"line":95,"column":8},"end":{"line":95,"column":43}},"type":"if","locations":[{"start":{"line":95,"column":8},"end":{"line":95,"column":43}},{"start":{},"end":{}}],"line":95},"8":{"loc":{"start":{"line":98,"column":8},"end":{"line":100,"column":9}},"type":"if","locations":[{"start":{"line":98,"column":8},"end":{"line":100,"column":9}},{"start":{},"end":{}}],"line":98},"9":{"loc":{"start":{"line":125,"column":2},"end":{"line":136,"column":3}},"type":"if","locations":[{"start":{"line":125,"column":2},"end":{"line":136,"column":3}},{"start":{},"end":{}}],"line":125}},"s":{"0":29,"1":29,"2":29,"3":29,"4":29,"5":565,"6":565,"7":565,"8":0,"9":565,"10":565,"11":173,"12":392,"13":56,"14":336,"15":74,"16":262,"17":10,"18":252,"19":9,"20":243,"21":50,"22":193,"23":0,"24":29,"25":0,"26":0,"27":29,"28":29,"29":29,"30":29,"31":29,"32":29,"33":29,"34":29,"35":29,"36":29,"37":29,"38":456,"39":29,"40":427,"41":427,"42":0,"43":29,"44":29,"45":29,"46":29,"47":10,"48":10,"49":10,"50":10,"51":10,"52":10,"53":10,"54":10,"55":10,"56":29},"f":{"0":29,"1":29,"2":29,"3":456,"4":0,"5":0,"6":0,"7":0,"8":0,"9":29},"b":{"0":[0,565],"1":[173,392],"2":[56,336],"3":[74,262],"4":[10,252],"5":[9,243],"6":[50,193],"7":[29,427],"8":[427,0],"9":[10,19]},"_coverageSchema":"1a1c01bbd47fc00a2c39e90264f33305004495a9","hash":"4007c75b063a1a02369975be3d15ed513354452a"}
}
