TN:
SF:frontend/static/js/websocket-manager.js
FN:18,(anonymous_0)
FN:21,(anonymous_1)
FN:22,(anonymous_2)
FN:54,(anonymous_3)
FN:83,(anonymous_4)
FN:108,(anonymous_5)
FN:136,(anonymous_6)
FN:137,(anonymous_7)
FN:147,(anonymous_8)
FN:156,(anonymous_9)
FN:158,(anonymous_10)
FN:171,(anonymous_11)
FN:205,(anonymous_12)
FN:214,(anonymous_13)
FN:246,(anonymous_14)
FN:256,(anonymous_15)
FN:272,(anonymous_16)
FN:304,(anonymous_17)
FN:324,(anonymous_18)
FN:339,(anonymous_19)
FN:361,(anonymous_20)
FN:374,(anonymous_21)
FN:383,(anonymous_22)
FN:388,(anonymous_23)
FN:391,(anonymous_24)
FN:420,(anonymous_25)
FN:430,(anonymous_26)
FNF:27
FNH:16
FNDA:7,(anonymous_0)
FNDA:0,(anonymous_1)
FNDA:0,(anonymous_2)
FNDA:6,(anonymous_3)
FNDA:2,(anonymous_4)
FNDA:5,(anonymous_5)
FNDA:7,(anonymous_6)
FNDA:5,(anonymous_7)
FNDA:0,(anonymous_8)
FNDA:0,(anonymous_9)
FNDA:0,(anonymous_10)
FNDA:0,(anonymous_11)
FNDA:6,(anonymous_12)
FNDA:5,(anonymous_13)
FNDA:2,(anonymous_14)
FNDA:2,(anonymous_15)
FNDA:0,(anonymous_16)
FNDA:6,(anonymous_17)
FNDA:1,(anonymous_18)
FNDA:2,(anonymous_19)
FNDA:1,(anonymous_20)
FNDA:10,(anonymous_21)
FNDA:7,(anonymous_22)
FNDA:0,(anonymous_23)
FNDA:0,(anonymous_24)
FNDA:0,(anonymous_25)
FNDA:0,(anonymous_26)
DA:19,7
DA:20,7
DA:21,7
DA:22,7
DA:25,7
DA:26,7
DA:29,7
DA:30,7
DA:31,7
DA:34,7
DA:35,7
DA:38,7
DA:40,7
DA:55,6
DA:56,6
DA:57,6
DA:60,6
DA:72,6
DA:74,6
DA:84,2
DA:85,2
DA:87,2
DA:88,2
DA:89,2
DA:92,0
DA:93,0
DA:94,0
DA:95,0
DA:97,0
DA:98,0
DA:109,5
DA:110,5
DA:112,5
DA:113,0
DA:114,0
DA:118,5
DA:119,5
DA:123,5
DA:124,5
DA:126,0
DA:130,5
DA:137,7
DA:138,5
DA:148,0
DA:149,0
DA:158,0
DA:159,0
DA:160,0
DA:162,0
DA:172,0
DA:173,0
DA:175,0
DA:176,0
DA:177,0
DA:181,0
DA:182,0
DA:183,0
DA:186,0
DA:187,0
DA:188,0
DA:195,0
DA:206,6
DA:215,5
DA:216,5
DA:219,5
DA:220,5
DA:223,5
DA:224,0
DA:225,0
DA:229,0
DA:234,5
DA:236,5
DA:240,5
DA:241,5
DA:242,5
DA:245,5
DA:246,5
DA:248,2
DA:256,5
DA:257,2
DA:258,2
DA:259,2
DA:260,2
DA:261,2
DA:264,2
DA:267,2
DA:268,0
DA:272,5
DA:273,0
DA:275,0
DA:277,0
DA:278,0
DA:279,0
DA:280,0
DA:287,0
DA:288,0
DA:289,0
DA:291,0
DA:296,0
DA:297,0
DA:300,0
DA:304,5
DA:305,6
DA:306,6
DA:309,6
DA:312,6
DA:313,0
DA:317,6
DA:318,1
DA:320,5
DA:324,5
DA:325,1
DA:328,1
DA:329,1
DA:340,2
DA:341,2
DA:343,2
DA:346,2
DA:347,0
DA:348,0
DA:349,0
DA:353,2
DA:358,2
DA:361,2
DA:362,1
DA:363,1
DA:364,1
DA:375,10
DA:376,10
DA:384,7
DA:385,0
DA:388,7
DA:389,0
DA:391,0
DA:392,0
DA:393,0
DA:396,0
DA:397,0
DA:399,0
DA:400,0
DA:401,0
DA:402,0
DA:404,0
DA:405,0
DA:408,0
DA:421,0
DA:422,0
DA:423,0
DA:431,0
DA:432,0
DA:437,7
DA:438,7
DA:441,0
LF:153
LH:85
BRDA:18,0,0,0
BRDA:19,1,0,7
BRDA:19,1,1,0
BRDA:21,2,0,7
BRDA:21,2,1,0
BRDA:22,3,0,7
BRDA:22,3,1,0
BRDA:29,4,0,7
BRDA:29,4,1,7
BRDA:30,5,0,7
BRDA:30,5,1,0
BRDA:31,6,0,7
BRDA:31,6,1,0
BRDA:34,7,0,7
BRDA:34,7,1,7
BRDA:54,8,0,5
BRDA:56,9,0,0
BRDA:56,9,1,6
BRDA:87,10,0,2
BRDA:87,10,1,0
BRDA:87,11,0,2
BRDA:87,11,1,1
BRDA:87,11,2,1
BRDA:93,12,0,0
BRDA:93,12,1,0
BRDA:108,13,0,5
BRDA:108,14,0,5
BRDA:112,15,0,0
BRDA:112,15,1,5
BRDA:118,16,0,5
BRDA:118,16,1,0
BRDA:149,17,0,0
BRDA:149,17,1,0
BRDA:160,18,0,0
BRDA:160,18,1,0
BRDA:160,19,0,0
BRDA:160,19,1,0
BRDA:175,20,0,0
BRDA:175,20,1,0
BRDA:186,21,0,0
BRDA:186,21,1,0
BRDA:216,22,0,0
BRDA:216,22,1,5
BRDA:223,23,0,0
BRDA:223,23,1,5
BRDA:234,24,0,5
BRDA:234,24,1,0
BRDA:245,25,0,5
BRDA:245,25,1,0
BRDA:267,26,0,0
BRDA:267,26,1,2
BRDA:278,27,0,0
BRDA:278,27,1,0
BRDA:287,28,0,0
BRDA:287,28,1,0
BRDA:287,29,0,0
BRDA:287,29,1,0
BRDA:289,30,0,0
BRDA:289,30,1,0
BRDA:289,31,0,0
BRDA:289,31,1,0
BRDA:296,32,0,0
BRDA:296,32,1,0
BRDA:312,33,0,0
BRDA:312,33,1,6
BRDA:317,34,0,1
BRDA:317,34,1,5
BRDA:328,35,0,1
BRDA:328,35,1,0
BRDA:341,36,0,0
BRDA:341,36,1,2
BRDA:346,37,0,0
BRDA:346,37,1,2
BRDA:362,38,0,1
BRDA:362,38,1,0
BRDA:384,39,0,0
BRDA:384,39,1,7
BRDA:396,40,0,0
BRDA:396,40,1,0
BRDA:396,41,0,0
BRDA:396,41,1,0
BRDA:396,41,2,0
BRDA:399,42,0,0
BRDA:399,42,1,0
BRDA:402,43,0,0
BRDA:402,43,1,0
BRDA:421,44,0,0
BRDA:421,44,1,0
BRDA:437,45,0,7
BRDA:437,45,1,0
BRDA:437,46,0,7
BRDA:437,46,1,7
BRF:92
BRH:35
end_of_record
TN:
SF:src/micro-frontends/water-heaters/dashboard/components/device-list.js
FN:8,(anonymous_0)
FN:31,(anonymous_1)
FN:42,(anonymous_2)
FN:49,(anonymous_3)
FN:57,(anonymous_4)
FN:161,(anonymous_5)
FN:173,(anonymous_6)
FN:185,(anonymous_7)
FN:206,(anonymous_8)
FN:209,(anonymous_9)
FN:217,(anonymous_10)
FN:234,(anonymous_11)
FN:238,(anonymous_12)
FN:244,(anonymous_13)
FN:254,(anonymous_14)
FN:257,(anonymous_15)
FN:269,(anonymous_16)
FN:300,(anonymous_17)
FN:303,(anonymous_18)
FN:306,(anonymous_19)
FN:322,(anonymous_20)
FN:325,(anonymous_21)
FN:335,(anonymous_22)
FN:348,(anonymous_23)
FN:349,(anonymous_24)
FN:377,(anonymous_25)
FN:379,(anonymous_26)
FNF:27
FNH:0
FNDA:0,(anonymous_0)
FNDA:0,(anonymous_1)
FNDA:0,(anonymous_2)
FNDA:0,(anonymous_3)
FNDA:0,(anonymous_4)
FNDA:0,(anonymous_5)
FNDA:0,(anonymous_6)
FNDA:0,(anonymous_7)
FNDA:0,(anonymous_8)
FNDA:0,(anonymous_9)
FNDA:0,(anonymous_10)
FNDA:0,(anonymous_11)
FNDA:0,(anonymous_12)
FNDA:0,(anonymous_13)
FNDA:0,(anonymous_14)
FNDA:0,(anonymous_15)
FNDA:0,(anonymous_16)
FNDA:0,(anonymous_17)
FNDA:0,(anonymous_18)
FNDA:0,(anonymous_19)
FNDA:0,(anonymous_20)
FNDA:0,(anonymous_21)
FNDA:0,(anonymous_22)
FNDA:0,(anonymous_23)
FNDA:0,(anonymous_24)
FNDA:0,(anonymous_25)
FNDA:0,(anonymous_26)
DA:9,0
DA:10,0
DA:13,0
DA:14,0
DA:15,0
DA:16,0
DA:17,0
DA:20,0
DA:21,0
DA:22,0
DA:25,0
DA:32,0
DA:33,0
DA:34,0
DA:36,0
DA:43,0
DA:51,0
DA:59,0
DA:135,0
DA:150,0
DA:153,0
DA:154,0
DA:162,0
DA:174,0
DA:186,0
DA:187,0
DA:194,0
DA:207,0
DA:209,0
DA:218,0
DA:236,0
DA:237,0
DA:238,0
DA:242,0
DA:243,0
DA:244,0
DA:245,0
DA:246,0
DA:249,0
DA:254,0
DA:255,0
DA:256,0
DA:257,0
DA:258,0
DA:259,0
DA:270,0
DA:271,0
DA:272,0
DA:274,0
DA:276,0
DA:279,0
DA:282,0
DA:285,0
DA:287,0
DA:288,0
DA:290,0
DA:291,0
DA:292,0
DA:293,0
DA:301,0
DA:303,0
DA:304,0
DA:308,0
DA:309,0
DA:310,0
DA:315,0
DA:323,0
DA:325,0
DA:326,0
DA:329,0
DA:336,0
DA:337,0
DA:338,0
DA:341,0
DA:342,0
DA:349,0
DA:351,0
DA:352,0
DA:356,0
DA:357,0
DA:358,0
DA:361,0
DA:362,0
DA:365,0
DA:366,0
DA:370,0
DA:379,0
DA:381,0
DA:383,0
DA:386,0
DA:389,0
DA:390,0
DA:391,0
DA:394,0
LF:94
LH:0
BRDA:137,0,0,0
BRDA:137,0,1,0
BRDA:138,1,0,0
BRDA:138,1,1,0
BRDA:139,2,0,0
BRDA:139,2,1,0
BRDA:139,3,0,0
BRDA:139,3,1,0
BRDA:139,3,2,0
BRDA:143,4,0,0
BRDA:143,4,1,0
BRDA:143,5,0,0
BRDA:143,5,1,0
BRDA:143,5,2,0
BRDA:153,6,0,0
BRDA:153,6,1,0
BRDA:153,7,0,0
BRDA:153,7,1,0
BRDA:153,7,2,0
BRDA:186,8,0,0
BRDA:186,8,1,0
BRDA:222,9,0,0
BRDA:222,9,1,0
BRDA:237,10,0,0
BRDA:237,10,1,0
BRDA:243,11,0,0
BRDA:243,11,1,0
BRDA:256,12,0,0
BRDA:256,12,1,0
BRDA:258,13,0,0
BRDA:258,13,1,0
BRDA:301,14,0,0
BRDA:301,14,1,0
BRDA:309,15,0,0
BRDA:309,15,1,0
BRDA:323,16,0,0
BRDA:323,16,1,0
BRDA:351,17,0,0
BRDA:351,17,1,0
BRDA:357,18,0,0
BRDA:357,18,1,0
BRDA:357,19,0,0
BRDA:357,19,1,0
BRDA:361,20,0,0
BRDA:361,20,1,0
BRDA:361,21,0,0
BRDA:361,21,1,0
BRDA:365,22,0,0
BRDA:365,22,1,0
BRDA:365,23,0,0
BRDA:365,23,1,0
BRDA:365,23,2,0
BRDA:381,24,0,0
BRDA:381,24,1,0
BRDA:390,25,0,0
BRDA:390,25,1,0
BRF:56
BRH:0
end_of_record
TN:
SF:src/micro-frontends/water-heaters/dashboard/components/device-status-card.js
FN:9,(anonymous_0)
FN:20,(anonymous_1)
FN:48,(anonymous_2)
FN:55,(anonymous_3)
FN:85,(anonymous_4)
FN:96,(anonymous_5)
FN:123,(anonymous_6)
FN:177,(anonymous_7)
FN:185,(anonymous_8)
FN:195,(anonymous_9)
FN:207,(anonymous_10)
FN:215,(anonymous_11)
FN:433,(anonymous_12)
FNF:13
FNH:0
FNDA:0,(anonymous_0)
FNDA:0,(anonymous_1)
FNDA:0,(anonymous_2)
FNDA:0,(anonymous_3)
FNDA:0,(anonymous_4)
FNDA:0,(anonymous_5)
FNDA:0,(anonymous_6)
FNDA:0,(anonymous_7)
FNDA:0,(anonymous_8)
FNDA:0,(anonymous_9)
FNDA:0,(anonymous_10)
FNDA:0,(anonymous_11)
FNDA:0,(anonymous_12)
DA:10,0
DA:21,0
DA:22,0
DA:25,0
DA:26,0
DA:27,0
DA:28,0
DA:29,0
DA:30,0
DA:31,0
DA:34,0
DA:49,0
DA:56,0
DA:58,0
DA:60,0
DA:61,0
DA:63,0
DA:64,0
DA:66,0
DA:67,0
DA:69,0
DA:70,0
DA:72,0
DA:73,0
DA:75,0
DA:76,0
DA:79,0
DA:87,0
DA:90,0
DA:97,0
DA:100,0
DA:101,0
DA:102,0
DA:103,0
DA:106,0
DA:107,0
DA:108,0
DA:109,0
DA:112,0
DA:113,0
DA:117,0
DA:125,0
DA:126,0
DA:129,0
DA:130,0
DA:132,0
DA:133,0
DA:136,0
DA:137,0
DA:141,0
DA:142,0
DA:143,0
DA:144,0
DA:148,0
DA:149,0
DA:150,0
DA:154,0
DA:155,0
DA:156,0
DA:160,0
DA:161,0
DA:162,0
DA:166,0
DA:167,0
DA:168,0
DA:178,0
DA:179,0
DA:186,0
DA:189,0
DA:196,0
DA:197,0
DA:198,0
DA:200,0
DA:208,0
DA:209,0
DA:217,0
DA:368,0
DA:429,0
DA:432,0
DA:433,0
DA:435,0
LF:81
LH:0
BRDA:56,0,0,0
BRDA:56,0,1,0
BRDA:58,1,0,0
BRDA:58,1,1,0
BRDA:58,1,2,0
BRDA:58,1,3,0
BRDA:58,1,4,0
BRDA:58,1,5,0
BRDA:75,2,0,0
BRDA:75,2,1,0
BRDA:97,3,0,0
BRDA:97,3,1,0
BRDA:100,4,0,0
BRDA:100,4,1,0
BRDA:102,5,0,0
BRDA:102,5,1,0
BRDA:102,6,0,0
BRDA:102,6,1,0
BRDA:106,7,0,0
BRDA:106,7,1,0
BRDA:107,8,0,0
BRDA:107,8,1,0
BRDA:108,9,0,0
BRDA:108,9,1,0
BRDA:109,10,0,0
BRDA:109,10,1,0
BRDA:112,11,0,0
BRDA:112,11,1,0
BRDA:126,12,0,0
BRDA:126,12,1,0
BRDA:132,13,0,0
BRDA:132,13,1,0
BRDA:132,14,0,0
BRDA:132,14,1,0
BRDA:136,15,0,0
BRDA:136,15,1,0
BRDA:136,16,0,0
BRDA:136,16,1,0
BRDA:142,17,0,0
BRDA:142,17,1,0
BRDA:144,18,0,0
BRDA:144,18,1,0
BRDA:149,19,0,0
BRDA:149,19,1,0
BRDA:149,20,0,0
BRDA:149,20,1,0
BRDA:155,21,0,0
BRDA:155,21,1,0
BRDA:155,22,0,0
BRDA:155,22,1,0
BRDA:161,23,0,0
BRDA:161,23,1,0
BRDA:161,24,0,0
BRDA:161,24,1,0
BRDA:167,25,0,0
BRDA:167,25,1,0
BRDA:168,26,0,0
BRDA:168,26,1,0
BRDA:178,27,0,0
BRDA:178,27,1,0
BRDA:178,28,0,0
BRDA:178,28,1,0
BRDA:186,29,0,0
BRDA:186,29,1,0
BRDA:200,30,0,0
BRDA:200,30,1,0
BRDA:208,31,0,0
BRDA:208,31,1,0
BRDA:378,32,0,0
BRDA:378,32,1,0
BRDA:382,33,0,0
BRDA:382,33,1,0
BRDA:383,34,0,0
BRDA:383,34,1,0
BRDA:403,35,0,0
BRDA:403,35,1,0
BRDA:411,36,0,0
BRDA:411,36,1,0
BRDA:420,37,0,0
BRDA:420,37,1,0
BRF:80
BRH:0
end_of_record
TN:
SF:src/micro-frontends/water-heaters/device-details/components/device-controls.js
FN:8,(anonymous_0)
FN:29,(anonymous_1)
FN:43,(anonymous_2)
FN:52,(anonymous_3)
FN:73,(anonymous_4)
FN:449,(anonymous_5)
FN:453,(anonymous_6)
FN:461,(anonymous_7)
FN:469,(anonymous_8)
FN:481,(anonymous_9)
FN:489,(anonymous_10)
FN:497,(anonymous_11)
FN:505,(anonymous_12)
FN:515,(anonymous_13)
FN:524,(anonymous_14)
FN:565,(anonymous_15)
FN:621,(anonymous_16)
FN:635,(anonymous_17)
FN:647,(anonymous_18)
FN:655,(anonymous_19)
FN:677,(anonymous_20)
FN:685,(anonymous_21)
FNF:22
FNH:0
FNDA:0,(anonymous_0)
FNDA:0,(anonymous_1)
FNDA:0,(anonymous_2)
FNDA:0,(anonymous_3)
FNDA:0,(anonymous_4)
FNDA:0,(anonymous_5)
FNDA:0,(anonymous_6)
FNDA:0,(anonymous_7)
FNDA:0,(anonymous_8)
FNDA:0,(anonymous_9)
FNDA:0,(anonymous_10)
FNDA:0,(anonymous_11)
FNDA:0,(anonymous_12)
FNDA:0,(anonymous_13)
FNDA:0,(anonymous_14)
FNDA:0,(anonymous_15)
FNDA:0,(anonymous_16)
FNDA:0,(anonymous_17)
FNDA:0,(anonymous_18)
FNDA:0,(anonymous_19)
FNDA:0,(anonymous_20)
FNDA:0,(anonymous_21)
DA:9,0
DA:10,0
DA:13,0
DA:14,0
DA:15,0
DA:18,0
DA:19,0
DA:20,0
DA:23,0
DA:30,0
DA:31,0
DA:32,0
DA:35,0
DA:37,0
DA:44,0
DA:45,0
DA:53,0
DA:54,0
DA:56,0
DA:59,0
DA:60,0
DA:61,0
DA:62,0
DA:63,0
DA:64,0
DA:67,0
DA:74,0
DA:77,0
DA:326,0
DA:440,0
DA:443,0
DA:451,0
DA:452,0
DA:453,0
DA:455,0
DA:456,0
DA:457,0
DA:461,0
DA:462,0
DA:467,0
DA:468,0
DA:469,0
DA:470,0
DA:471,0
DA:474,0
DA:479,0
DA:480,0
DA:481,0
DA:482,0
DA:487,0
DA:488,0
DA:489,0
DA:490,0
DA:495,0
DA:496,0
DA:497,0
DA:498,0
DA:503,0
DA:504,0
DA:505,0
DA:506,0
DA:507,0
DA:516,0
DA:519,0
DA:520,0
DA:524,0
DA:525,0
DA:526,0
DA:527,0
DA:530,0
DA:537,0
DA:543,0
DA:546,0
DA:547,0
DA:550,0
DA:551,0
DA:552,0
DA:554,0
DA:555,0
DA:556,0
DA:557,0
DA:566,0
DA:568,0
DA:569,0
DA:571,0
DA:572,0
DA:573,0
DA:574,0
DA:575,0
DA:578,0
DA:579,0
DA:580,0
DA:583,0
DA:591,0
DA:597,0
DA:600,0
DA:601,0
DA:607,0
DA:608,0
DA:609,0
DA:611,0
DA:612,0
DA:613,0
DA:614,0
DA:622,0
DA:636,0
DA:648,0
DA:649,0
DA:656,0
DA:659,0
DA:661,0
DA:663,0
DA:665,0
DA:667,0
DA:670,0
DA:678,0
DA:679,0
DA:686,0
DA:687,0
DA:688,0
LF:120
LH:0
BRDA:44,0,0,0
BRDA:44,0,1,0
BRDA:59,1,0,0
BRDA:59,1,1,0
BRDA:59,2,0,0
BRDA:59,2,1,0
BRDA:62,3,0,0
BRDA:62,3,1,0
BRDA:62,4,0,0
BRDA:62,4,1,0
BRDA:74,5,0,0
BRDA:74,5,1,0
BRDA:328,6,0,0
BRDA:328,6,1,0
BRDA:329,7,0,0
BRDA:329,7,1,0
BRDA:350,8,0,0
BRDA:350,8,1,0
BRDA:363,9,0,0
BRDA:363,9,1,0
BRDA:365,10,0,0
BRDA:365,10,1,0
BRDA:366,11,0,0
BRDA:366,11,1,0
BRDA:367,12,0,0
BRDA:367,12,1,0
BRDA:368,13,0,0
BRDA:368,13,1,0
BRDA:376,14,0,0
BRDA:376,14,1,0
BRDA:382,15,0,0
BRDA:382,15,1,0
BRDA:383,16,0,0
BRDA:383,16,1,0
BRDA:390,17,0,0
BRDA:390,17,1,0
BRDA:401,18,0,0
BRDA:401,18,1,0
BRDA:406,19,0,0
BRDA:406,19,1,0
BRDA:414,20,0,0
BRDA:414,20,1,0
BRDA:418,21,0,0
BRDA:418,21,1,0
BRDA:423,22,0,0
BRDA:423,22,1,0
BRDA:425,23,0,0
BRDA:425,23,1,0
BRDA:431,24,0,0
BRDA:431,24,1,0
BRDA:452,25,0,0
BRDA:452,25,1,0
BRDA:456,26,0,0
BRDA:456,26,1,0
BRDA:468,27,0,0
BRDA:468,27,1,0
BRDA:480,28,0,0
BRDA:480,28,1,0
BRDA:488,29,0,0
BRDA:488,29,1,0
BRDA:496,30,0,0
BRDA:496,30,1,0
BRDA:504,31,0,0
BRDA:504,31,1,0
BRDA:516,32,0,0
BRDA:516,32,1,0
BRDA:516,33,0,0
BRDA:516,33,1,0
BRDA:519,34,0,0
BRDA:519,34,1,0
BRDA:546,35,0,0
BRDA:546,35,1,0
BRDA:556,36,0,0
BRDA:556,36,1,0
BRDA:566,37,0,0
BRDA:566,37,1,0
BRDA:566,38,0,0
BRDA:566,38,1,0
BRDA:569,39,0,0
BRDA:569,39,1,0
BRDA:572,40,0,0
BRDA:572,40,1,0
BRDA:600,41,0,0
BRDA:600,41,1,0
BRDA:613,42,0,0
BRDA:613,42,1,0
BRDA:648,43,0,0
BRDA:648,43,1,0
BRDA:648,44,0,0
BRDA:648,44,1,0
BRDA:649,45,0,0
BRDA:649,45,1,0
BRDA:656,46,0,0
BRDA:656,46,1,0
BRDA:659,47,0,0
BRDA:659,47,1,0
BRDA:659,47,2,0
BRDA:659,47,3,0
BRDA:659,47,4,0
BRF:99
BRH:0
end_of_record
TN:
SF:src/micro-frontends/water-heaters/device-details/components/device-events.js
FN:8,(anonymous_0)
FN:29,(anonymous_1)
FN:41,(anonymous_2)
FN:48,(anonymous_3)
FN:79,(anonymous_4)
FN:86,(anonymous_5)
FN:95,(anonymous_6)
FN:105,(anonymous_7)
FN:109,(anonymous_8)
FN:122,(anonymous_9)
FN:368,(anonymous_10)
FN:404,(anonymous_11)
FN:439,(anonymous_12)
FN:460,(anonymous_13)
FN:463,(anonymous_14)
FN:464,(anonymous_15)
FN:472,(anonymous_16)
FN:473,(anonymous_17)
FN:482,(anonymous_18)
FN:492,(anonymous_19)
FN:502,(anonymous_20)
FN:511,(anonymous_21)
FN:525,(anonymous_22)
FN:539,(anonymous_23)
FN:578,(anonymous_24)
FN:580,(anonymous_25)
FN:724,(anonymous_26)
FNF:27
FNH:4
FNDA:0,(anonymous_0)
FNDA:0,(anonymous_1)
FNDA:0,(anonymous_2)
FNDA:0,(anonymous_3)
FNDA:1,(anonymous_4)
FNDA:0,(anonymous_5)
FNDA:0,(anonymous_6)
FNDA:0,(anonymous_7)
FNDA:0,(anonymous_8)
FNDA:0,(anonymous_9)
FNDA:0,(anonymous_10)
FNDA:0,(anonymous_11)
FNDA:0,(anonymous_12)
FNDA:0,(anonymous_13)
FNDA:0,(anonymous_14)
FNDA:0,(anonymous_15)
FNDA:0,(anonymous_16)
FNDA:0,(anonymous_17)
FNDA:0,(anonymous_18)
FNDA:0,(anonymous_19)
FNDA:0,(anonymous_20)
FNDA:6,(anonymous_21)
FNDA:6,(anonymous_22)
FNDA:4,(anonymous_23)
FNDA:0,(anonymous_24)
FNDA:0,(anonymous_25)
FNDA:0,(anonymous_26)
DA:9,0
DA:10,0
DA:13,0
DA:14,0
DA:15,0
DA:16,0
DA:17,0
DA:20,0
DA:21,0
DA:22,0
DA:23,0
DA:30,0
DA:31,0
DA:33,0
DA:42,0
DA:49,0
DA:51,0
DA:52,0
DA:53,0
DA:55,0
DA:58,0
DA:60,0
DA:61,0
DA:62,0
DA:63,0
DA:65,0
DA:67,0
DA:68,0
DA:69,0
DA:70,0
DA:72,0
DA:80,1
DA:87,0
DA:88,0
DA:89,0
DA:96,0
DA:98,0
DA:99,0
DA:107,0
DA:109,0
DA:112,0
DA:115,0
DA:116,0
DA:124,0
DA:306,0
DA:307,0
DA:313,0
DA:314,0
DA:320,0
DA:321,0
DA:327,0
DA:329,0
DA:368,0
DA:388,0
DA:395,0
DA:398,0
DA:406,0
DA:409,0
DA:412,0
DA:413,0
DA:417,0
DA:418,0
DA:419,0
DA:424,0
DA:425,0
DA:429,0
DA:430,0
DA:433,0
DA:440,0
DA:441,0
DA:443,0
DA:462,0
DA:463,0
DA:464,0
DA:465,0
DA:466,0
DA:471,0
DA:472,0
DA:473,0
DA:474,0
DA:475,0
DA:480,0
DA:481,0
DA:482,0
DA:483,0
DA:484,0
DA:490,0
DA:491,0
DA:492,0
DA:493,0
DA:494,0
DA:500,0
DA:501,0
DA:502,0
DA:503,0
DA:512,6
DA:513,1
DA:514,1
DA:515,1
DA:516,1
DA:517,1
DA:518,1
DA:526,6
DA:527,1
DA:528,1
DA:529,1
DA:530,1
DA:531,1
DA:532,1
DA:540,4
DA:542,4
DA:543,4
DA:546,4
DA:547,4
DA:548,1
DA:552,3
DA:553,3
DA:554,3
DA:555,1
DA:559,2
DA:560,2
DA:561,2
DA:562,1
DA:567,1
DA:570,0
DA:580,0
DA:583,0
DA:584,0
DA:587,0
DA:595,0
DA:603,0
DA:612,0
DA:621,0
DA:630,0
DA:638,0
DA:646,0
DA:655,0
DA:663,0
DA:672,0
DA:705,0
DA:706,0
DA:707,0
DA:709,0
DA:710,0
DA:712,0
DA:714,0
DA:724,0
DA:726,0
LF:148
LH:30
BRDA:31,0,0,0
BRDA:31,0,1,0
BRDA:31,1,0,0
BRDA:31,1,1,0
BRDA:49,2,0,0
BRDA:49,2,1,0
BRDA:96,3,0,0
BRDA:96,3,1,0
BRDA:96,4,0,0
BRDA:96,4,1,0
BRDA:107,5,0,0
BRDA:107,5,1,0
BRDA:306,6,0,0
BRDA:306,6,1,0
BRDA:313,7,0,0
BRDA:313,7,1,0
BRDA:320,8,0,0
BRDA:320,8,1,0
BRDA:334,9,0,0
BRDA:334,9,1,0
BRDA:337,10,0,0
BRDA:337,10,1,0
BRDA:340,11,0,0
BRDA:340,11,1,0
BRDA:343,12,0,0
BRDA:343,12,1,0
BRDA:346,13,0,0
BRDA:346,13,1,0
BRDA:349,14,0,0
BRDA:349,14,1,0
BRDA:364,15,0,0
BRDA:364,15,1,0
BRDA:377,16,0,0
BRDA:377,16,1,0
BRDA:384,17,0,0
BRDA:384,17,1,0
BRDA:412,18,0,0
BRDA:412,18,1,0
BRDA:418,19,0,0
BRDA:418,19,1,0
BRDA:424,20,0,0
BRDA:424,20,1,0
BRDA:429,21,0,0
BRDA:429,21,1,0
BRDA:429,22,0,0
BRDA:429,22,1,0
BRDA:435,23,0,0
BRDA:435,23,1,0
BRDA:440,24,0,0
BRDA:440,24,1,0
BRDA:444,25,0,0
BRDA:444,25,1,0
BRDA:450,26,0,0
BRDA:450,26,1,0
BRDA:481,27,0,0
BRDA:481,27,1,0
BRDA:483,28,0,0
BRDA:483,28,1,0
BRDA:491,29,0,0
BRDA:491,29,1,0
BRDA:493,30,0,0
BRDA:493,30,1,0
BRDA:501,31,0,0
BRDA:501,31,1,0
BRDA:512,32,0,1
BRDA:512,32,1,1
BRDA:512,32,2,1
BRDA:512,32,3,1
BRDA:512,32,4,1
BRDA:512,32,5,1
BRDA:526,33,0,1
BRDA:526,33,1,1
BRDA:526,33,2,1
BRDA:526,33,3,1
BRDA:526,33,4,1
BRDA:526,33,5,1
BRDA:540,34,0,0
BRDA:540,34,1,4
BRDA:547,35,0,1
BRDA:547,35,1,3
BRDA:554,36,0,1
BRDA:554,36,1,2
BRDA:561,37,0,1
BRDA:561,37,1,1
BRF:84
BRH:19
end_of_record
TN:
SF:src/micro-frontends/water-heaters/device-details/components/device-telemetry.js
FN:8,(anonymous_0)
FN:38,(anonymous_1)
FN:61,(anonymous_2)
FN:70,(anonymous_3)
FN:77,(anonymous_4)
FN:94,(anonymous_5)
FN:103,(anonymous_6)
FN:109,(anonymous_7)
FN:119,(anonymous_8)
FN:133,(anonymous_9)
FN:148,(anonymous_10)
FN:162,(anonymous_11)
FN:221,(anonymous_12)
FN:258,(anonymous_13)
FN:572,(anonymous_14)
FN:581,(anonymous_15)
FN:602,(anonymous_16)
FN:616,(anonymous_17)
FN:624,(anonymous_18)
FN:641,(anonymous_19)
FN:651,(anonymous_20)
FNF:21
FNH:0
FNDA:0,(anonymous_0)
FNDA:0,(anonymous_1)
FNDA:0,(anonymous_2)
FNDA:0,(anonymous_3)
FNDA:0,(anonymous_4)
FNDA:0,(anonymous_5)
FNDA:0,(anonymous_6)
FNDA:0,(anonymous_7)
FNDA:0,(anonymous_8)
FNDA:0,(anonymous_9)
FNDA:0,(anonymous_10)
FNDA:0,(anonymous_11)
FNDA:0,(anonymous_12)
FNDA:0,(anonymous_13)
FNDA:0,(anonymous_14)
FNDA:0,(anonymous_15)
FNDA:0,(anonymous_16)
FNDA:0,(anonymous_17)
FNDA:0,(anonymous_18)
FNDA:0,(anonymous_19)
FNDA:0,(anonymous_20)
DA:9,0
DA:10,0
DA:13,0
DA:14,0
DA:15,0
DA:16,0
DA:17,0
DA:30,0
DA:31,0
DA:32,0
DA:39,0
DA:40,0
DA:41,0
DA:44,0
DA:45,0
DA:52,0
DA:55,0
DA:62,0
DA:63,0
DA:71,0
DA:79,0
DA:80,0
DA:81,0
DA:85,0
DA:86,0
DA:87,0
DA:95,0
DA:98,0
DA:101,0
DA:104,0
DA:109,0
DA:110,0
DA:111,0
DA:120,0
DA:122,0
DA:123,0
DA:124,0
DA:126,0
DA:135,0
DA:142,0
DA:149,0
DA:152,0
DA:153,0
DA:156,0
DA:164,0
DA:165,0
DA:166,0
DA:170,0
DA:171,0
DA:172,0
DA:173,0
DA:174,0
DA:175,0
DA:176,0
DA:177,0
DA:178,0
DA:180,0
DA:181,0
DA:184,0
DA:185,0
DA:188,0
DA:189,0
DA:190,0
DA:193,0
DA:194,0
DA:197,0
DA:198,0
DA:201,0
DA:202,0
DA:205,0
DA:206,0
DA:209,0
DA:210,0
DA:213,0
DA:214,0
DA:222,0
DA:223,0
DA:225,0
DA:229,0
DA:230,0
DA:231,0
DA:234,0
DA:235,0
DA:238,0
DA:239,0
DA:240,0
DA:242,0
DA:243,0
DA:246,0
DA:247,0
DA:250,0
DA:251,0
DA:260,0
DA:464,0
DA:466,0
DA:561,0
DA:564,0
DA:565,0
DA:566,0
DA:570,0
DA:571,0
DA:572,0
DA:573,0
DA:583,0
DA:584,0
DA:585,0
DA:586,0
DA:588,0
DA:589,0
DA:590,0
DA:596,0
DA:603,0
DA:617,0
DA:618,0
DA:625,0
DA:628,0
DA:629,0
DA:630,0
DA:631,0
DA:632,0
DA:635,0
DA:642,0
DA:645,0
DA:652,0
DA:654,0
DA:655,0
DA:657,0
LF:127
LH:0
BRDA:44,0,0,0
BRDA:44,0,1,0
BRDA:62,1,0,0
BRDA:62,1,1,0
BRDA:79,2,0,0
BRDA:79,2,1,0
BRDA:79,3,0,0
BRDA:79,3,1,0
BRDA:85,4,0,0
BRDA:85,4,1,0
BRDA:95,5,0,0
BRDA:95,5,1,0
BRDA:95,6,0,0
BRDA:95,6,1,0
BRDA:110,7,0,0
BRDA:110,7,1,0
BRDA:120,8,0,0
BRDA:120,8,1,0
BRDA:120,9,0,0
BRDA:120,9,1,0
BRDA:138,10,0,0
BRDA:138,10,1,0
BRDA:152,11,0,0
BRDA:152,11,1,0
BRDA:165,12,0,0
BRDA:165,12,1,0
BRDA:180,13,0,0
BRDA:180,13,1,0
BRDA:184,14,0,0
BRDA:184,14,1,0
BRDA:188,15,0,0
BRDA:188,15,1,0
BRDA:189,16,0,0
BRDA:189,16,1,0
BRDA:190,17,0,0
BRDA:190,17,1,0
BRDA:193,18,0,0
BRDA:193,18,1,0
BRDA:193,19,0,0
BRDA:193,19,1,0
BRDA:197,20,0,0
BRDA:197,20,1,0
BRDA:197,21,0,0
BRDA:197,21,1,0
BRDA:201,22,0,0
BRDA:201,22,1,0
BRDA:201,23,0,0
BRDA:201,23,1,0
BRDA:205,24,0,0
BRDA:205,24,1,0
BRDA:209,25,0,0
BRDA:209,25,1,0
BRDA:209,26,0,0
BRDA:209,26,1,0
BRDA:213,27,0,0
BRDA:213,27,1,0
BRDA:213,28,0,0
BRDA:213,28,1,0
BRDA:225,29,0,0
BRDA:225,29,1,0
BRDA:225,30,0,0
BRDA:225,30,1,0
BRDA:242,31,0,0
BRDA:242,31,1,0
BRDA:246,32,0,0
BRDA:246,32,1,0
BRDA:250,33,0,0
BRDA:250,33,1,0
BRDA:251,34,0,0
BRDA:251,34,1,0
BRDA:468,35,0,0
BRDA:468,35,1,0
BRDA:473,36,0,0
BRDA:473,36,1,0
BRDA:508,37,0,0
BRDA:508,37,1,0
BRDA:509,38,0,0
BRDA:509,38,1,0
BRDA:524,39,0,0
BRDA:524,39,1,0
BRDA:532,40,0,0
BRDA:532,40,1,0
BRDA:540,41,0,0
BRDA:540,41,1,0
BRDA:548,42,0,0
BRDA:548,42,1,0
BRDA:565,43,0,0
BRDA:565,43,1,0
BRDA:571,44,0,0
BRDA:571,44,1,0
BRDA:617,45,0,0
BRDA:617,45,1,0
BRDA:625,46,0,0
BRDA:625,46,1,0
BRDA:625,47,0,0
BRDA:625,47,1,0
BRDA:629,48,0,0
BRDA:629,48,1,0
BRDA:629,49,0,0
BRDA:629,49,1,0
BRDA:631,50,0,0
BRDA:631,50,1,0
BRDA:631,51,0,0
BRDA:631,51,1,0
BRDA:642,52,0,0
BRDA:642,52,1,0
BRDA:652,53,0,0
BRDA:652,53,1,0
BRF:108
BRH:0
end_of_record
TN:
SF:src/tests/frontend/water-heater/water_heater_predictions_mock.js
FN:8,(anonymous_0)
FN:34,(anonymous_1)
FN:39,(anonymous_2)
FN:47,(anonymous_3)
FN:55,(anonymous_4)
FN:61,(anonymous_5)
FN:75,(anonymous_6)
FNF:7
FNH:7
FNDA:3,(anonymous_0)
FNDA:3,(anonymous_1)
FNDA:3,(anonymous_2)
FNDA:4,(anonymous_3)
FNDA:3,(anonymous_4)
FNDA:3,(anonymous_5)
FNDA:1,(anonymous_6)
DA:7,1
DA:9,3
DA:10,3
DA:13,3
DA:14,3
DA:15,3
DA:16,3
DA:19,3
DA:20,3
DA:21,3
DA:22,3
DA:25,3
DA:28,3
DA:31,3
DA:35,3
DA:36,3
DA:39,3
DA:40,3
DA:41,1
DA:42,1
DA:48,4
DA:51,4
DA:54,4
DA:56,3
DA:57,0
DA:59,3
DA:62,3
DA:65,3
DA:68,3
DA:69,3
DA:70,3
DA:71,3
DA:73,3
DA:76,1
DA:77,1
LF:35
LH:34
BRDA:40,0,0,1
BRDA:40,0,1,2
BRDA:56,1,0,0
BRDA:56,1,1,3
BRDA:68,2,0,3
BRDA:68,2,1,0
BRDA:69,3,0,2
BRDA:69,3,1,1
BRDA:70,4,0,2
BRDA:70,4,1,1
BRDA:71,5,0,2
BRDA:71,5,1,1
BRF:12
BRH:10
end_of_record
TN:
SF:tests/unit/mocks/web-components.js
FN:12,extractDefaultProperties
FN:61,patchHTMLElementClass
FN:65,(anonymous_2)
FN:93,(anonymous_3)
FN:105,(anonymous_4)
FN:110,(anonymous_5)
FN:111,(anonymous_6)
FN:112,(anonymous_7)
FN:113,(anonymous_8)
FN:120,createPatchedComponent
FNF:10
FNH:5
FNDA:29,extractDefaultProperties
FNDA:29,patchHTMLElementClass
FNDA:29,(anonymous_2)
FNDA:456,(anonymous_3)
FNDA:0,(anonymous_4)
FNDA:0,(anonymous_5)
FNDA:0,(anonymous_6)
FNDA:0,(anonymous_7)
FNDA:0,(anonymous_8)
FNDA:29,createPatchedComponent
DA:13,29
DA:15,29
DA:18,29
DA:19,29
DA:22,29
DA:23,565
DA:24,565
DA:27,565
DA:30,565
DA:32,565
DA:33,173
DA:34,392
DA:35,56
DA:36,336
DA:37,74
DA:38,262
DA:39,10
DA:40,252
DA:41,9
DA:42,243
DA:43,50
DA:46,193
DA:49,0
DA:53,29
DA:55,0
DA:56,0
DA:67,29
DA:74,29
DA:75,29
DA:76,29
DA:77,29
DA:78,29
DA:79,29
DA:87,29
DA:88,29
DA:92,29
DA:93,29
DA:95,456
DA:98,427
DA:99,427
DA:106,0
DA:116,29
DA:121,29
DA:122,29
DA:125,29
DA:127,10
DA:128,10
DA:129,10
DA:130,10
DA:131,10
DA:132,10
DA:133,10
DA:134,10
DA:135,10
DA:138,29
LF:55
LH:51
BRDA:27,0,0,0
BRDA:27,0,1,565
BRDA:32,1,0,173
BRDA:32,1,1,392
BRDA:34,2,0,56
BRDA:34,2,1,336
BRDA:36,3,0,74
BRDA:36,3,1,262
BRDA:38,4,0,10
BRDA:38,4,1,252
BRDA:40,5,0,9
BRDA:40,5,1,243
BRDA:42,6,0,50
BRDA:42,6,1,193
BRDA:95,7,0,29
BRDA:95,7,1,427
BRDA:98,8,0,427
BRDA:98,8,1,0
BRDA:125,9,0,10
BRDA:125,9,1,19
BRF:20
BRH:18
end_of_record
