TN:
SF:src/tests/frontend/water-heater/water_heater_predictions_mock.js
FN:8,(anonymous_0)
FN:34,(anonymous_1)
FN:39,(anonymous_2)
FN:47,(anonymous_3)
FN:55,(anonymous_4)
FN:61,(anonymous_5)
FN:75,(anonymous_6)
FNF:7
FNH:7
FNDA:3,(anonymous_0)
FNDA:3,(anonymous_1)
FNDA:3,(anonymous_2)
FNDA:4,(anonymous_3)
FNDA:3,(anonymous_4)
FNDA:3,(anonymous_5)
FNDA:1,(anonymous_6)
DA:7,1
DA:9,3
DA:10,3
DA:13,3
DA:14,3
DA:15,3
DA:16,3
DA:19,3
DA:20,3
DA:21,3
DA:22,3
DA:25,3
DA:28,3
DA:31,3
DA:35,3
DA:36,3
DA:39,3
DA:40,3
DA:41,1
DA:42,1
DA:48,4
DA:51,4
DA:54,4
DA:56,3
DA:57,0
DA:59,3
DA:62,3
DA:65,3
DA:68,3
DA:69,3
DA:70,3
DA:71,3
DA:73,3
DA:76,1
DA:77,1
LF:35
LH:34
BRDA:40,0,0,1
BRDA:40,0,1,2
BRDA:56,1,0,0
BRDA:56,1,1,3
BRDA:68,2,0,3
BRDA:68,2,1,0
BRDA:69,3,0,2
BRDA:69,3,1,1
BRDA:70,4,0,2
BRDA:70,4,1,1
BRDA:71,5,0,2
BRDA:71,5,1,1
BRF:12
BRH:10
end_of_record
